[0.072s] DEBUG:colcon:Command line arguments: ['/usr/bin/colcon', 'build']
[0.072s] DEBUG:colcon:Parsed command line arguments: Namespace(log_base=None, log_level=None, verb_name='build', build_base='build', install_base='install', merge_install=False, symlink_install=False, test_result_base=None, continue_on_error=False, executor='parallel', parallel_workers=8, event_handlers=None, ignore_user_meta=False, metas=['./colcon.meta'], base_paths=['.'], packages_ignore=None, packages_ignore_regex=None, paths=None, packages_up_to=None, packages_up_to_regex=None, packages_above=None, packages_above_and_dependencies=None, packages_above_depth=None, packages_select_by_dep=None, packages_skip_by_dep=None, packages_skip_up_to=None, packages_select_build_failed=False, packages_skip_build_finished=False, packages_select_test_failures=False, packages_skip_test_passed=False, packages_select=None, packages_skip=None, packages_select_regex=None, packages_skip_regex=None, packages_start=None, packages_end=None, allow_overriding=[], cmake_args=None, cmake_target=None, cmake_target_skip_unavailable=False, cmake_clean_cache=False, cmake_clean_first=False, cmake_force_configure=False, ament_cmake_args=None, catkin_cmake_args=None, catkin_skip_building_tests=False, verb_parser=<colcon_defaults.argument_parser.defaults.DefaultArgumentsDecorator object at 0x77cc9a32ebf0>, verb_extension=<colcon_core.verb.build.BuildVerb object at 0x77cc9a32e6b0>, main=<bound method BuildVerb.main of <colcon_core.verb.build.BuildVerb object at 0x77cc9a32e6b0>>)
[0.191s] Level 1:colcon.colcon_core.package_discovery:discover_packages(colcon_meta) check parameters
[0.191s] Level 1:colcon.colcon_core.package_discovery:discover_packages(recursive) check parameters
[0.191s] Level 1:colcon.colcon_core.package_discovery:discover_packages(ignore) check parameters
[0.191s] Level 1:colcon.colcon_core.package_discovery:discover_packages(path) check parameters
[0.191s] Level 1:colcon.colcon_core.package_discovery:discover_packages(colcon_meta) discover
[0.191s] Level 1:colcon.colcon_core.package_discovery:discover_packages(recursive) discover
[0.191s] INFO:colcon.colcon_core.package_discovery:Crawling recursively for packages in '/home/addinedu/ros_ws/camera_app'
[0.191s] Level 1:colcon.colcon_core.package_identification:_identify(.) by extensions ['ignore', 'ignore_ament_install']
[0.191s] Level 1:colcon.colcon_core.package_identification:_identify(.) by extension 'ignore'
[0.191s] Level 1:colcon.colcon_core.package_identification:_identify(.) by extension 'ignore_ament_install'
[0.191s] Level 1:colcon.colcon_core.package_identification:_identify(.) by extensions ['colcon_pkg']
[0.191s] Level 1:colcon.colcon_core.package_identification:_identify(.) by extension 'colcon_pkg'
[0.191s] Level 1:colcon.colcon_core.package_identification:_identify(.) by extensions ['colcon_meta']
[0.191s] Level 1:colcon.colcon_core.package_identification:_identify(.) by extension 'colcon_meta'
[0.191s] Level 1:colcon.colcon_core.package_identification:_identify(.) by extensions ['ros']
[0.191s] Level 1:colcon.colcon_core.package_identification:_identify(.) by extension 'ros'
[0.198s] Level 1:colcon.colcon_core.package_identification:_identify(.) by extensions ['cmake', 'python']
[0.199s] Level 1:colcon.colcon_core.package_identification:_identify(.) by extension 'cmake'
[0.199s] Level 1:colcon.colcon_core.package_identification:_identify(.) by extension 'python'
[0.199s] Level 1:colcon.colcon_core.package_identification:_identify(.) by extensions ['python_setup_py']
[0.199s] Level 1:colcon.colcon_core.package_identification:_identify(.) by extension 'python_setup_py'
[0.199s] Level 1:colcon.colcon_core.package_identification:_identify(build) by extensions ['ignore', 'ignore_ament_install']
[0.199s] Level 1:colcon.colcon_core.package_identification:_identify(build) by extension 'ignore'
[0.199s] Level 1:colcon.colcon_core.package_identification:_identify(build) ignored
[0.199s] Level 1:colcon.colcon_core.package_identification:_identify(install) by extensions ['ignore', 'ignore_ament_install']
[0.199s] Level 1:colcon.colcon_core.package_identification:_identify(install) by extension 'ignore'
[0.199s] Level 1:colcon.colcon_core.package_identification:_identify(install) ignored
[0.199s] Level 1:colcon.colcon_core.package_identification:_identify(log) by extensions ['ignore', 'ignore_ament_install']
[0.199s] Level 1:colcon.colcon_core.package_identification:_identify(log) by extension 'ignore'
[0.199s] Level 1:colcon.colcon_core.package_identification:_identify(log) ignored
[0.199s] Level 1:colcon.colcon_core.package_identification:_identify(src) by extensions ['ignore', 'ignore_ament_install']
[0.199s] Level 1:colcon.colcon_core.package_identification:_identify(src) by extension 'ignore'
[0.199s] Level 1:colcon.colcon_core.package_identification:_identify(src) by extension 'ignore_ament_install'
[0.199s] Level 1:colcon.colcon_core.package_identification:_identify(src) by extensions ['colcon_pkg']
[0.199s] Level 1:colcon.colcon_core.package_identification:_identify(src) by extension 'colcon_pkg'
[0.199s] Level 1:colcon.colcon_core.package_identification:_identify(src) by extensions ['colcon_meta']
[0.199s] Level 1:colcon.colcon_core.package_identification:_identify(src) by extension 'colcon_meta'
[0.199s] Level 1:colcon.colcon_core.package_identification:_identify(src) by extensions ['ros']
[0.199s] Level 1:colcon.colcon_core.package_identification:_identify(src) by extension 'ros'
[0.199s] Level 1:colcon.colcon_core.package_identification:_identify(src) by extensions ['cmake', 'python']
[0.199s] Level 1:colcon.colcon_core.package_identification:_identify(src) by extension 'cmake'
[0.199s] Level 1:colcon.colcon_core.package_identification:_identify(src) by extension 'python'
[0.199s] Level 1:colcon.colcon_core.package_identification:_identify(src) by extensions ['python_setup_py']
[0.199s] Level 1:colcon.colcon_core.package_identification:_identify(src) by extension 'python_setup_py'
[0.200s] Level 1:colcon.colcon_core.package_identification:_identify(src/camera_control) by extensions ['ignore', 'ignore_ament_install']
[0.200s] Level 1:colcon.colcon_core.package_identification:_identify(src/camera_control) by extension 'ignore'
[0.200s] Level 1:colcon.colcon_core.package_identification:_identify(src/camera_control) by extension 'ignore_ament_install'
[0.200s] Level 1:colcon.colcon_core.package_identification:_identify(src/camera_control) by extensions ['colcon_pkg']
[0.200s] Level 1:colcon.colcon_core.package_identification:_identify(src/camera_control) by extension 'colcon_pkg'
[0.200s] Level 1:colcon.colcon_core.package_identification:_identify(src/camera_control) by extensions ['colcon_meta']
[0.200s] Level 1:colcon.colcon_core.package_identification:_identify(src/camera_control) by extension 'colcon_meta'
[0.200s] Level 1:colcon.colcon_core.package_identification:_identify(src/camera_control) by extensions ['ros']
[0.200s] Level 1:colcon.colcon_core.package_identification:_identify(src/camera_control) by extension 'ros'
[0.201s] DEBUG:colcon.colcon_core.package_identification:Package 'src/camera_control' with type 'ros.ament_python' and name 'camera_control'
[0.202s] Level 1:colcon.colcon_core.package_identification:_identify(src/camera_msgs) by extensions ['ignore', 'ignore_ament_install']
[0.202s] Level 1:colcon.colcon_core.package_identification:_identify(src/camera_msgs) by extension 'ignore'
[0.202s] Level 1:colcon.colcon_core.package_identification:_identify(src/camera_msgs) by extension 'ignore_ament_install'
[0.202s] Level 1:colcon.colcon_core.package_identification:_identify(src/camera_msgs) by extensions ['colcon_pkg']
[0.202s] Level 1:colcon.colcon_core.package_identification:_identify(src/camera_msgs) by extension 'colcon_pkg'
[0.202s] Level 1:colcon.colcon_core.package_identification:_identify(src/camera_msgs) by extensions ['colcon_meta']
[0.202s] Level 1:colcon.colcon_core.package_identification:_identify(src/camera_msgs) by extension 'colcon_meta'
[0.202s] Level 1:colcon.colcon_core.package_identification:_identify(src/camera_msgs) by extensions ['ros']
[0.202s] Level 1:colcon.colcon_core.package_identification:_identify(src/camera_msgs) by extension 'ros'
[0.202s] DEBUG:colcon.colcon_core.package_identification:Package 'src/camera_msgs' with type 'ros.ament_cmake' and name 'camera_msgs'
[0.202s] Level 1:colcon.colcon_core.package_discovery:discover_packages(recursive) using defaults
[0.202s] Level 1:colcon.colcon_core.package_discovery:discover_packages(ignore) discover
[0.202s] Level 1:colcon.colcon_core.package_discovery:discover_packages(ignore) using defaults
[0.202s] Level 1:colcon.colcon_core.package_discovery:discover_packages(path) discover
[0.202s] Level 1:colcon.colcon_core.package_discovery:discover_packages(path) using defaults
[0.226s] Level 1:colcon.colcon_core.package_discovery:discover_packages(prefix_path) check parameters
[0.226s] Level 1:colcon.colcon_core.package_discovery:discover_packages(prefix_path) discover
[0.228s] DEBUG:colcon.colcon_installed_package_information.package_discovery:Found 291 installed packages in /opt/ros/humble
[0.229s] Level 1:colcon.colcon_core.package_discovery:discover_packages(prefix_path) using defaults
[0.255s] Level 5:colcon.colcon_core.verb:set package 'camera_control' build argument 'cmake_args' from command line to 'None'
[0.255s] Level 5:colcon.colcon_core.verb:set package 'camera_control' build argument 'cmake_target' from command line to 'None'
[0.255s] Level 5:colcon.colcon_core.verb:set package 'camera_control' build argument 'cmake_target_skip_unavailable' from command line to 'False'
[0.255s] Level 5:colcon.colcon_core.verb:set package 'camera_control' build argument 'cmake_clean_cache' from command line to 'False'
[0.255s] Level 5:colcon.colcon_core.verb:set package 'camera_control' build argument 'cmake_clean_first' from command line to 'False'
[0.255s] Level 5:colcon.colcon_core.verb:set package 'camera_control' build argument 'cmake_force_configure' from command line to 'False'
[0.255s] Level 5:colcon.colcon_core.verb:set package 'camera_control' build argument 'ament_cmake_args' from command line to 'None'
[0.255s] Level 5:colcon.colcon_core.verb:set package 'camera_control' build argument 'catkin_cmake_args' from command line to 'None'
[0.255s] Level 5:colcon.colcon_core.verb:set package 'camera_control' build argument 'catkin_skip_building_tests' from command line to 'False'
[0.255s] DEBUG:colcon.colcon_core.verb:Building package 'camera_control' with the following arguments: {'ament_cmake_args': None, 'build_base': '/home/addinedu/ros_ws/camera_app/build/camera_control', 'catkin_cmake_args': None, 'catkin_skip_building_tests': False, 'cmake_args': None, 'cmake_clean_cache': False, 'cmake_clean_first': False, 'cmake_force_configure': False, 'cmake_target': None, 'cmake_target_skip_unavailable': False, 'install_base': '/home/addinedu/ros_ws/camera_app/install/camera_control', 'merge_install': False, 'path': '/home/addinedu/ros_ws/camera_app/src/camera_control', 'symlink_install': False, 'test_result_base': None}
[0.255s] Level 5:colcon.colcon_core.verb:set package 'camera_msgs' build argument 'cmake_args' from command line to 'None'
[0.255s] Level 5:colcon.colcon_core.verb:set package 'camera_msgs' build argument 'cmake_target' from command line to 'None'
[0.255s] Level 5:colcon.colcon_core.verb:set package 'camera_msgs' build argument 'cmake_target_skip_unavailable' from command line to 'False'
[0.255s] Level 5:colcon.colcon_core.verb:set package 'camera_msgs' build argument 'cmake_clean_cache' from command line to 'False'
[0.255s] Level 5:colcon.colcon_core.verb:set package 'camera_msgs' build argument 'cmake_clean_first' from command line to 'False'
[0.255s] Level 5:colcon.colcon_core.verb:set package 'camera_msgs' build argument 'cmake_force_configure' from command line to 'False'
[0.255s] Level 5:colcon.colcon_core.verb:set package 'camera_msgs' build argument 'ament_cmake_args' from command line to 'None'
[0.255s] Level 5:colcon.colcon_core.verb:set package 'camera_msgs' build argument 'catkin_cmake_args' from command line to 'None'
[0.255s] Level 5:colcon.colcon_core.verb:set package 'camera_msgs' build argument 'catkin_skip_building_tests' from command line to 'False'
[0.255s] DEBUG:colcon.colcon_core.verb:Building package 'camera_msgs' with the following arguments: {'ament_cmake_args': None, 'build_base': '/home/addinedu/ros_ws/camera_app/build/camera_msgs', 'catkin_cmake_args': None, 'catkin_skip_building_tests': False, 'cmake_args': None, 'cmake_clean_cache': False, 'cmake_clean_first': False, 'cmake_force_configure': False, 'cmake_target': None, 'cmake_target_skip_unavailable': False, 'install_base': '/home/addinedu/ros_ws/camera_app/install/camera_msgs', 'merge_install': False, 'path': '/home/addinedu/ros_ws/camera_app/src/camera_msgs', 'symlink_install': False, 'test_result_base': None}
[0.255s] INFO:colcon.colcon_core.executor:Executing jobs using 'parallel' executor
[0.256s] DEBUG:colcon.colcon_parallel_executor.executor.parallel:run_until_complete
[0.257s] INFO:colcon.colcon_ros.task.ament_python.build:Building ROS package in '/home/addinedu/ros_ws/camera_app/src/camera_control' with build type 'ament_python'
[0.257s] Level 1:colcon.colcon_core.shell:create_environment_hook('camera_control', 'ament_prefix_path')
[0.258s] INFO:colcon.colcon_core.plugin_system:Skipping extension 'colcon_core.shell.bat': Not used on non-Windows systems
[0.258s] INFO:colcon.colcon_core.shell:Creating environment hook '/home/addinedu/ros_ws/camera_app/install/camera_control/share/camera_control/hook/ament_prefix_path.ps1'
[0.258s] INFO:colcon.colcon_core.shell:Creating environment descriptor '/home/addinedu/ros_ws/camera_app/install/camera_control/share/camera_control/hook/ament_prefix_path.dsv'
[0.259s] INFO:colcon.colcon_core.shell:Creating environment hook '/home/addinedu/ros_ws/camera_app/install/camera_control/share/camera_control/hook/ament_prefix_path.sh'
[0.259s] INFO:colcon.colcon_core.shell:Skip shell extension 'powershell' for command environment: Not usable outside of PowerShell
[0.259s] DEBUG:colcon.colcon_core.shell:Skip shell extension 'dsv' for command environment
[0.261s] INFO:colcon.colcon_ros.task.ament_cmake.build:Building ROS package in '/home/addinedu/ros_ws/camera_app/src/camera_msgs' with build type 'ament_cmake'
[0.261s] INFO:colcon.colcon_cmake.task.cmake.build:Building CMake package in '/home/addinedu/ros_ws/camera_app/src/camera_msgs'
[0.261s] INFO:colcon.colcon_core.shell:Skip shell extension 'powershell' for command environment: Not usable outside of PowerShell
[0.261s] DEBUG:colcon.colcon_core.shell:Skip shell extension 'dsv' for command environment
[0.456s] INFO:colcon.colcon_core.task.python.build:Building Python package in '/home/addinedu/ros_ws/camera_app/src/camera_control'
[0.456s] INFO:colcon.colcon_core.shell:Skip shell extension 'powershell' for command environment: Not usable outside of PowerShell
[0.456s] DEBUG:colcon.colcon_core.shell:Skip shell extension 'dsv' for command environment
[0.461s] DEBUG:colcon.colcon_core.event_handler.log_command:Invoking command in '/home/addinedu/ros_ws/camera_app/build/camera_msgs': CMAKE_PREFIX_PATH=/opt/ros/humble /usr/bin/cmake /home/addinedu/ros_ws/camera_app/src/camera_msgs -DCMAKE_INSTALL_PREFIX=/home/addinedu/ros_ws/camera_app/install/camera_msgs
[0.722s] DEBUG:colcon.colcon_core.event_handler.log_command:Invoking command in '/home/addinedu/ros_ws/camera_app/src/camera_control': PYTHONPATH=/home/addinedu/ros_ws/camera_app/build/camera_control/prefix_override:/home/addinedu/ros_ws/camera_app/install/camera_control/lib/python3.10/site-packages:${PYTHONPATH} /usr/bin/python3 -W ignore:setup.py install is deprecated setup.py egg_info --egg-base ../../build/camera_control build --build-base /home/addinedu/ros_ws/camera_app/build/camera_control/build install --record /home/addinedu/ros_ws/camera_app/build/camera_control/install.log --single-version-externally-managed install_data
[0.918s] DEBUG:colcon.colcon_core.event_handler.log_command:Invoked command in '/home/addinedu/ros_ws/camera_app/src/camera_control' returned '0': PYTHONPATH=/home/addinedu/ros_ws/camera_app/build/camera_control/prefix_override:/home/addinedu/ros_ws/camera_app/install/camera_control/lib/python3.10/site-packages:${PYTHONPATH} /usr/bin/python3 -W ignore:setup.py install is deprecated setup.py egg_info --egg-base ../../build/camera_control build --build-base /home/addinedu/ros_ws/camera_app/build/camera_control/build install --record /home/addinedu/ros_ws/camera_app/build/camera_control/install.log --single-version-externally-managed install_data
[0.920s] Level 1:colcon.colcon_core.environment:checking '/home/addinedu/ros_ws/camera_app/install/camera_control' for CMake module files
[0.920s] Level 1:colcon.colcon_core.environment:checking '/home/addinedu/ros_ws/camera_app/install/camera_control' for CMake config files
[0.920s] Level 1:colcon.colcon_core.environment:checking '/home/addinedu/ros_ws/camera_app/install/camera_control/lib'
[0.921s] Level 1:colcon.colcon_core.environment:checking '/home/addinedu/ros_ws/camera_app/install/camera_control/bin'
[0.921s] Level 1:colcon.colcon_core.environment:checking '/home/addinedu/ros_ws/camera_app/install/camera_control/lib/pkgconfig/camera_control.pc'
[0.921s] Level 1:colcon.colcon_core.environment:checking '/home/addinedu/ros_ws/camera_app/install/camera_control/lib/python3.10/site-packages'
[0.921s] Level 1:colcon.colcon_core.shell:create_environment_hook('camera_control', 'pythonpath')
[0.921s] INFO:colcon.colcon_core.shell:Creating environment hook '/home/addinedu/ros_ws/camera_app/install/camera_control/share/camera_control/hook/pythonpath.ps1'
[0.921s] INFO:colcon.colcon_core.shell:Creating environment descriptor '/home/addinedu/ros_ws/camera_app/install/camera_control/share/camera_control/hook/pythonpath.dsv'
[0.921s] INFO:colcon.colcon_core.shell:Creating environment hook '/home/addinedu/ros_ws/camera_app/install/camera_control/share/camera_control/hook/pythonpath.sh'
[0.922s] Level 1:colcon.colcon_core.environment:checking '/home/addinedu/ros_ws/camera_app/install/camera_control/bin'
[0.922s] Level 1:colcon.colcon_core.environment:create_environment_scripts_only(camera_control)
[0.922s] INFO:colcon.colcon_core.shell:Creating package script '/home/addinedu/ros_ws/camera_app/install/camera_control/share/camera_control/package.ps1'
[0.922s] INFO:colcon.colcon_core.shell:Creating package descriptor '/home/addinedu/ros_ws/camera_app/install/camera_control/share/camera_control/package.dsv'
[0.923s] INFO:colcon.colcon_core.shell:Creating package script '/home/addinedu/ros_ws/camera_app/install/camera_control/share/camera_control/package.sh'
[0.923s] INFO:colcon.colcon_core.shell:Creating package script '/home/addinedu/ros_ws/camera_app/install/camera_control/share/camera_control/package.bash'
[0.923s] INFO:colcon.colcon_core.shell:Creating package script '/home/addinedu/ros_ws/camera_app/install/camera_control/share/camera_control/package.zsh'
[0.924s] Level 1:colcon.colcon_core.environment:create_file_with_runtime_dependencies(/home/addinedu/ros_ws/camera_app/install/camera_control/share/colcon-core/packages/camera_control)
[1.302s] DEBUG:colcon.colcon_core.event_handler.log_command:Invoked command in '/home/addinedu/ros_ws/camera_app/build/camera_msgs' returned '0': CMAKE_PREFIX_PATH=/opt/ros/humble /usr/bin/cmake /home/addinedu/ros_ws/camera_app/src/camera_msgs -DCMAKE_INSTALL_PREFIX=/home/addinedu/ros_ws/camera_app/install/camera_msgs
[1.304s] DEBUG:colcon.colcon_core.event_handler.log_command:Invoking command in '/home/addinedu/ros_ws/camera_app/build/camera_msgs': CMAKE_PREFIX_PATH=/opt/ros/humble /usr/bin/cmake --build /home/addinedu/ros_ws/camera_app/build/camera_msgs -- -j8 -l8
[3.358s] DEBUG:colcon.colcon_core.event_handler.log_command:Invoked command in '/home/addinedu/ros_ws/camera_app/build/camera_msgs' returned '0': CMAKE_PREFIX_PATH=/opt/ros/humble /usr/bin/cmake --build /home/addinedu/ros_ws/camera_app/build/camera_msgs -- -j8 -l8
[3.403s] DEBUG:colcon.colcon_core.event_handler.log_command:Invoking command in '/home/addinedu/ros_ws/camera_app/build/camera_msgs': CMAKE_PREFIX_PATH=/opt/ros/humble /usr/bin/cmake --install /home/addinedu/ros_ws/camera_app/build/camera_msgs
[3.446s] Level 1:colcon.colcon_core.environment:create_environment_scripts_only(camera_msgs)
[3.446s] DEBUG:colcon.colcon_core.event_handler.log_command:Invoked command in '/home/addinedu/ros_ws/camera_app/build/camera_msgs' returned '0': CMAKE_PREFIX_PATH=/opt/ros/humble /usr/bin/cmake --install /home/addinedu/ros_ws/camera_app/build/camera_msgs
[3.446s] Level 1:colcon.colcon_core.environment:checking '/home/addinedu/ros_ws/camera_app/install/camera_msgs' for CMake module files
[3.446s] Level 1:colcon.colcon_core.environment:checking '/home/addinedu/ros_ws/camera_app/install/camera_msgs' for CMake config files
[3.446s] Level 1:colcon.colcon_core.shell:create_environment_hook('camera_msgs', 'cmake_prefix_path')
[3.447s] INFO:colcon.colcon_core.shell:Creating environment hook '/home/addinedu/ros_ws/camera_app/install/camera_msgs/share/camera_msgs/hook/cmake_prefix_path.ps1'
[3.447s] INFO:colcon.colcon_core.shell:Creating environment descriptor '/home/addinedu/ros_ws/camera_app/install/camera_msgs/share/camera_msgs/hook/cmake_prefix_path.dsv'
[3.447s] INFO:colcon.colcon_core.shell:Creating environment hook '/home/addinedu/ros_ws/camera_app/install/camera_msgs/share/camera_msgs/hook/cmake_prefix_path.sh'
[3.447s] Level 1:colcon.colcon_core.environment:checking '/home/addinedu/ros_ws/camera_app/install/camera_msgs/lib'
[3.447s] Level 1:colcon.colcon_core.shell:create_environment_hook('camera_msgs', 'ld_library_path_lib')
[3.448s] INFO:colcon.colcon_core.shell:Creating environment hook '/home/addinedu/ros_ws/camera_app/install/camera_msgs/share/camera_msgs/hook/ld_library_path_lib.ps1'
[3.448s] INFO:colcon.colcon_core.shell:Creating environment descriptor '/home/addinedu/ros_ws/camera_app/install/camera_msgs/share/camera_msgs/hook/ld_library_path_lib.dsv'
[3.448s] INFO:colcon.colcon_core.shell:Creating environment hook '/home/addinedu/ros_ws/camera_app/install/camera_msgs/share/camera_msgs/hook/ld_library_path_lib.sh'
[3.448s] Level 1:colcon.colcon_core.environment:checking '/home/addinedu/ros_ws/camera_app/install/camera_msgs/bin'
[3.448s] Level 1:colcon.colcon_core.environment:checking '/home/addinedu/ros_ws/camera_app/install/camera_msgs/lib/pkgconfig/camera_msgs.pc'
[3.448s] Level 1:colcon.colcon_core.environment:checking '/home/addinedu/ros_ws/camera_app/install/camera_msgs/lib/python3.10/site-packages'
[3.448s] Level 1:colcon.colcon_core.environment:checking '/home/addinedu/ros_ws/camera_app/install/camera_msgs/bin'
[3.449s] INFO:colcon.colcon_core.shell:Creating package script '/home/addinedu/ros_ws/camera_app/install/camera_msgs/share/camera_msgs/package.ps1'
[3.449s] INFO:colcon.colcon_core.shell:Creating package descriptor '/home/addinedu/ros_ws/camera_app/install/camera_msgs/share/camera_msgs/package.dsv'
[3.449s] INFO:colcon.colcon_core.shell:Creating package script '/home/addinedu/ros_ws/camera_app/install/camera_msgs/share/camera_msgs/package.sh'
[3.449s] INFO:colcon.colcon_core.shell:Creating package script '/home/addinedu/ros_ws/camera_app/install/camera_msgs/share/camera_msgs/package.bash'
[3.449s] INFO:colcon.colcon_core.shell:Creating package script '/home/addinedu/ros_ws/camera_app/install/camera_msgs/share/camera_msgs/package.zsh'
[3.450s] Level 1:colcon.colcon_core.environment:create_file_with_runtime_dependencies(/home/addinedu/ros_ws/camera_app/install/camera_msgs/share/colcon-core/packages/camera_msgs)
[3.486s] Level 1:colcon.colcon_core.environment:create_environment_scripts_only(camera_msgs)
[3.486s] Level 1:colcon.colcon_core.environment:checking '/home/addinedu/ros_ws/camera_app/install/camera_msgs' for CMake module files
[3.487s] Level 1:colcon.colcon_core.environment:checking '/home/addinedu/ros_ws/camera_app/install/camera_msgs' for CMake config files
[3.487s] Level 1:colcon.colcon_core.shell:create_environment_hook('camera_msgs', 'cmake_prefix_path')
[3.487s] INFO:colcon.colcon_core.shell:Creating environment hook '/home/addinedu/ros_ws/camera_app/install/camera_msgs/share/camera_msgs/hook/cmake_prefix_path.ps1'
[3.487s] INFO:colcon.colcon_core.shell:Creating environment descriptor '/home/addinedu/ros_ws/camera_app/install/camera_msgs/share/camera_msgs/hook/cmake_prefix_path.dsv'
[3.488s] INFO:colcon.colcon_core.shell:Creating environment hook '/home/addinedu/ros_ws/camera_app/install/camera_msgs/share/camera_msgs/hook/cmake_prefix_path.sh'
[3.488s] Level 1:colcon.colcon_core.environment:checking '/home/addinedu/ros_ws/camera_app/install/camera_msgs/lib'
[3.488s] Level 1:colcon.colcon_core.shell:create_environment_hook('camera_msgs', 'ld_library_path_lib')
[3.488s] INFO:colcon.colcon_core.shell:Creating environment hook '/home/addinedu/ros_ws/camera_app/install/camera_msgs/share/camera_msgs/hook/ld_library_path_lib.ps1'
[3.488s] INFO:colcon.colcon_core.shell:Creating environment descriptor '/home/addinedu/ros_ws/camera_app/install/camera_msgs/share/camera_msgs/hook/ld_library_path_lib.dsv'
[3.489s] INFO:colcon.colcon_core.shell:Creating environment hook '/home/addinedu/ros_ws/camera_app/install/camera_msgs/share/camera_msgs/hook/ld_library_path_lib.sh'
[3.489s] Level 1:colcon.colcon_core.environment:checking '/home/addinedu/ros_ws/camera_app/install/camera_msgs/bin'
[3.489s] Level 1:colcon.colcon_core.environment:checking '/home/addinedu/ros_ws/camera_app/install/camera_msgs/lib/pkgconfig/camera_msgs.pc'
[3.489s] Level 1:colcon.colcon_core.environment:checking '/home/addinedu/ros_ws/camera_app/install/camera_msgs/lib/python3.10/site-packages'
[3.489s] Level 1:colcon.colcon_core.environment:checking '/home/addinedu/ros_ws/camera_app/install/camera_msgs/bin'
[3.489s] INFO:colcon.colcon_core.shell:Creating package script '/home/addinedu/ros_ws/camera_app/install/camera_msgs/share/camera_msgs/package.ps1'
[3.490s] INFO:colcon.colcon_core.shell:Creating package descriptor '/home/addinedu/ros_ws/camera_app/install/camera_msgs/share/camera_msgs/package.dsv'
[3.490s] INFO:colcon.colcon_core.shell:Creating package script '/home/addinedu/ros_ws/camera_app/install/camera_msgs/share/camera_msgs/package.sh'
[3.490s] INFO:colcon.colcon_core.shell:Creating package script '/home/addinedu/ros_ws/camera_app/install/camera_msgs/share/camera_msgs/package.bash'
[3.490s] INFO:colcon.colcon_core.shell:Creating package script '/home/addinedu/ros_ws/camera_app/install/camera_msgs/share/camera_msgs/package.zsh'
[3.491s] Level 1:colcon.colcon_core.environment:create_file_with_runtime_dependencies(/home/addinedu/ros_ws/camera_app/install/camera_msgs/share/colcon-core/packages/camera_msgs)
[3.491s] DEBUG:colcon.colcon_parallel_executor.executor.parallel:closing loop
[3.491s] DEBUG:colcon.colcon_parallel_executor.executor.parallel:loop closed
[3.491s] DEBUG:colcon.colcon_parallel_executor.executor.parallel:run_until_complete finished with '0'
[3.491s] DEBUG:colcon.colcon_core.event_reactor:joining thread
[3.494s] INFO:colcon.colcon_core.plugin_system:Skipping extension 'colcon_notification.desktop_notification.terminal_notifier': Not used on non-Darwin systems
[3.494s] INFO:colcon.colcon_core.plugin_system:Skipping extension 'colcon_notification.desktop_notification.win32': Not used on non-Windows systems
[3.494s] INFO:colcon.colcon_notification.desktop_notification:Sending desktop notification using 'notify2'
[3.504s] DEBUG:colcon.colcon_core.event_reactor:joined thread
[3.505s] INFO:colcon.colcon_core.shell:Creating prefix script '/home/addinedu/ros_ws/camera_app/install/local_setup.ps1'
[3.506s] INFO:colcon.colcon_core.shell:Creating prefix util module '/home/addinedu/ros_ws/camera_app/install/_local_setup_util_ps1.py'
[3.507s] INFO:colcon.colcon_core.shell:Creating prefix chain script '/home/addinedu/ros_ws/camera_app/install/setup.ps1'
[3.508s] INFO:colcon.colcon_core.shell:Creating prefix script '/home/addinedu/ros_ws/camera_app/install/local_setup.sh'
[3.508s] INFO:colcon.colcon_core.shell:Creating prefix util module '/home/addinedu/ros_ws/camera_app/install/_local_setup_util_sh.py'
[3.509s] INFO:colcon.colcon_core.shell:Creating prefix chain script '/home/addinedu/ros_ws/camera_app/install/setup.sh'
[3.510s] INFO:colcon.colcon_core.shell:Creating prefix script '/home/addinedu/ros_ws/camera_app/install/local_setup.bash'
[3.510s] INFO:colcon.colcon_core.shell:Creating prefix chain script '/home/addinedu/ros_ws/camera_app/install/setup.bash'
[3.511s] INFO:colcon.colcon_core.shell:Creating prefix script '/home/addinedu/ros_ws/camera_app/install/local_setup.zsh'
[3.511s] INFO:colcon.colcon_core.shell:Creating prefix chain script '/home/addinedu/ros_ws/camera_app/install/setup.zsh'
