-- Found ament_cmake: 1.3.8 (/opt/ros/humble/share/ament_cmake/cmake)
-- Found Python3: /usr/bin/python3 (found version "3.10.12") found components: Interpreter 
-- Found rosidl_default_generators: 1.2.0 (/opt/ros/humble/share/rosidl_default_generators/cmake)
-- Using all available rosidl_typesupport_c: rosidl_typesupport_fastrtps_c;rosidl_typesupport_introspection_c
-- Found rosidl_adapter: 3.1.5 (/opt/ros/humble/share/rosidl_adapter/cmake)
-- Using all available rosidl_typesupport_cpp: rosidl_typesupport_fastrtps_cpp;rosidl_typesupport_introspection_cpp
-- Found ament_cmake_ros: 0.10.0 (/opt/ros/humble/share/ament_cmake_ros/cmake)
-- Using all available rosidl_typesupport_c: rosidl_typesupport_fastrtps_c;rosidl_typesupport_introspection_c
-- Using all available rosidl_typesupport_cpp: rosidl_typesupport_fastrtps_cpp;rosidl_typesupport_introspection_cpp
-- Found PythonInterp: /usr/bin/python3 (found suitable version "3.10.12", minimum required is "3.6") 
-- Found python_cmake_module: 0.10.0 (/opt/ros/humble/share/python_cmake_module/cmake)
-- Found PythonLibs: /usr/lib/x86_64-linux-gnu/libpython3.10.so (found suitable version "3.10.12", minimum required is "3.5") 
-- Using PYTHON_EXECUTABLE: /usr/bin/python3
-- Using PYTHON_INCLUDE_DIRS: /usr/include/python3.10
-- Using PYTHON_LIBRARIES: /usr/lib/x86_64-linux-gnu/libpython3.10.so
-- Found PythonExtra: .so  
-- Found ament_lint_auto: 0.12.10 (/opt/ros/humble/share/ament_lint_auto/cmake)
-- Added test 'lint_cmake' to check CMake code style
-- Added test 'xmllint' to check XML markup files
-- Configuring done
-- Generating done
-- Build files have been written to: /home/addinedu/ros_ws/camera_app/build/camera_msgs
[  3%] [34m[1mGenerating C code for ROS interfaces[0m
[  6%] [34m[1mGenerating C++ code for ROS interfaces[0m
[  6%] Built target ament_cmake_python_copy_camera_msgs
running egg_info
creating camera_msgs.egg-info
writing camera_msgs.egg-info/PKG-INFO
writing dependency_links to camera_msgs.egg-info/dependency_links.txt
writing top-level names to camera_msgs.egg-info/top_level.txt
writing manifest file 'camera_msgs.egg-info/SOURCES.txt'
reading manifest file 'camera_msgs.egg-info/SOURCES.txt'
writing manifest file 'camera_msgs.egg-info/SOURCES.txt'
[  6%] Built target ament_cmake_python_build_camera_msgs_egg
[  6%] Built target camera_msgs__cpp
[  9%] [32mBuilding C object CMakeFiles/camera_msgs__rosidl_generator_c.dir/rosidl_generator_c/camera_msgs/action/detail/start_recording__functions.c.o[0m
[ 19%] [34m[1mGenerating C++ type support dispatch for ROS interfaces[0m
[ 19%] [34m[1mGenerating C++ type support for eProsima Fast-RTPS[0m
[ 19%] [34m[1mGenerating C++ introspection for ROS interfaces[0m
[ 22%] [32m[1mLinking C shared library libcamera_msgs__rosidl_generator_c.so[0m
[ 22%] Built target camera_msgs__rosidl_generator_c
[ 32%] [34m[1mGenerating C introspection for ROS interfaces[0m
[ 32%] [34m[1mGenerating C type support for eProsima Fast-RTPS[0m
[ 32%] [34m[1mGenerating C type support dispatch for ROS interfaces[0m
[ 35%] [32mBuilding CXX object CMakeFiles/camera_msgs__rosidl_typesupport_cpp.dir/rosidl_typesupport_cpp/camera_msgs/action/start_recording__type_support.cpp.o[0m
[ 38%] [32mBuilding CXX object CMakeFiles/camera_msgs__rosidl_typesupport_fastrtps_cpp.dir/rosidl_typesupport_fastrtps_cpp/camera_msgs/action/detail/dds_fastrtps/start_recording__type_support.cpp.o[0m
[ 41%] [32mBuilding CXX object CMakeFiles/camera_msgs__rosidl_typesupport_introspection_cpp.dir/rosidl_typesupport_introspection_cpp/camera_msgs/action/detail/start_recording__type_support.cpp.o[0m
[ 45%] [32mBuilding CXX object CMakeFiles/camera_msgs__rosidl_typesupport_c.dir/rosidl_typesupport_c/camera_msgs/action/start_recording__type_support.cpp.o[0m
[ 48%] [32m[1mLinking CXX shared library libcamera_msgs__rosidl_typesupport_c.so[0m
[ 48%] Built target camera_msgs__rosidl_typesupport_c
[ 51%] [32m[1mLinking CXX shared library libcamera_msgs__rosidl_typesupport_cpp.so[0m
[ 51%] Built target camera_msgs__rosidl_typesupport_cpp
[ 54%] [32mBuilding C object CMakeFiles/camera_msgs__rosidl_typesupport_introspection_c.dir/rosidl_typesupport_introspection_c/camera_msgs/action/detail/start_recording__type_support.c.o[0m
[ 58%] [32mBuilding CXX object CMakeFiles/camera_msgs__rosidl_typesupport_fastrtps_c.dir/rosidl_typesupport_fastrtps_c/camera_msgs/action/detail/start_recording__type_support_c.cpp.o[0m
[ 61%] [32m[1mLinking C shared library libcamera_msgs__rosidl_typesupport_introspection_c.so[0m
[ 61%] Built target camera_msgs__rosidl_typesupport_introspection_c
[ 64%] [32m[1mLinking CXX shared library libcamera_msgs__rosidl_typesupport_fastrtps_cpp.so[0m
[ 67%] [32m[1mLinking CXX shared library libcamera_msgs__rosidl_typesupport_introspection_cpp.so[0m
[ 67%] Built target camera_msgs__rosidl_typesupport_fastrtps_cpp
[ 70%] [32m[1mLinking CXX shared library libcamera_msgs__rosidl_typesupport_fastrtps_c.so[0m
[ 70%] Built target camera_msgs__rosidl_typesupport_introspection_cpp
[ 70%] Built target camera_msgs__rosidl_typesupport_fastrtps_c
[ 70%] Built target camera_msgs
[ 74%] [34m[1mGenerating Python code for ROS interfaces[0m
[ 74%] Built target camera_msgs__py
[ 77%] [32mBuilding C object CMakeFiles/camera_msgs__rosidl_generator_py.dir/rosidl_generator_py/camera_msgs/action/_start_recording_s.c.o[0m
[ 80%] [32m[1mLinking C shared library rosidl_generator_py/camera_msgs/libcamera_msgs__rosidl_generator_py.so[0m
[ 80%] Built target camera_msgs__rosidl_generator_py
[ 90%] [32mBuilding C object CMakeFiles/camera_msgs__rosidl_typesupport_fastrtps_c__pyext.dir/rosidl_generator_py/camera_msgs/_camera_msgs_s.ep.rosidl_typesupport_fastrtps_c.c.o[0m
[ 90%] [32mBuilding C object CMakeFiles/camera_msgs__rosidl_typesupport_c__pyext.dir/rosidl_generator_py/camera_msgs/_camera_msgs_s.ep.rosidl_typesupport_c.c.o[0m
[ 90%] [32mBuilding C object CMakeFiles/camera_msgs__rosidl_typesupport_introspection_c__pyext.dir/rosidl_generator_py/camera_msgs/_camera_msgs_s.ep.rosidl_typesupport_introspection_c.c.o[0m
[ 93%] [32m[1mLinking C shared library rosidl_generator_py/camera_msgs/camera_msgs_s__rosidl_typesupport_c.cpython-310-x86_64-linux-gnu.so[0m
[100%] [32m[1mLinking C shared library rosidl_generator_py/camera_msgs/camera_msgs_s__rosidl_typesupport_fastrtps_c.cpython-310-x86_64-linux-gnu.so[0m
[ 96%] [32m[1mLinking C shared library rosidl_generator_py/camera_msgs/camera_msgs_s__rosidl_typesupport_introspection_c.cpython-310-x86_64-linux-gnu.so[0m
[100%] Built target camera_msgs__rosidl_typesupport_fastrtps_c__pyext
[100%] Built target camera_msgs__rosidl_typesupport_introspection_c__pyext
[100%] Built target camera_msgs__rosidl_typesupport_c__pyext
-- Install configuration: ""
-- Installing: /home/addinedu/ros_ws/camera_app/install/camera_msgs/share/ament_index/resource_index/rosidl_interfaces/camera_msgs
-- Installing: /home/addinedu/ros_ws/camera_app/install/camera_msgs/include/camera_msgs/camera_msgs
-- Installing: /home/addinedu/ros_ws/camera_app/install/camera_msgs/include/camera_msgs/camera_msgs/msg
-- Installing: /home/addinedu/ros_ws/camera_app/install/camera_msgs/include/camera_msgs/camera_msgs/msg/rosidl_generator_c__visibility_control.h
-- Installing: /home/addinedu/ros_ws/camera_app/install/camera_msgs/include/camera_msgs/camera_msgs/action
-- Installing: /home/addinedu/ros_ws/camera_app/install/camera_msgs/include/camera_msgs/camera_msgs/action/detail
-- Installing: /home/addinedu/ros_ws/camera_app/install/camera_msgs/include/camera_msgs/camera_msgs/action/detail/start_recording__functions.h
-- Installing: /home/addinedu/ros_ws/camera_app/install/camera_msgs/include/camera_msgs/camera_msgs/action/detail/start_recording__type_support.h
-- Installing: /home/addinedu/ros_ws/camera_app/install/camera_msgs/include/camera_msgs/camera_msgs/action/detail/start_recording__struct.h
-- Installing: /home/addinedu/ros_ws/camera_app/install/camera_msgs/include/camera_msgs/camera_msgs/action/detail/start_recording__functions.c
-- Installing: /home/addinedu/ros_ws/camera_app/install/camera_msgs/include/camera_msgs/camera_msgs/action/start_recording.h
-- Installing: /home/addinedu/ros_ws/camera_app/install/camera_msgs/share/camera_msgs/environment/library_path.sh
-- Installing: /home/addinedu/ros_ws/camera_app/install/camera_msgs/share/camera_msgs/environment/library_path.dsv
-- Installing: /home/addinedu/ros_ws/camera_app/install/camera_msgs/lib/libcamera_msgs__rosidl_generator_c.so
-- Set runtime path of "/home/addinedu/ros_ws/camera_app/install/camera_msgs/lib/libcamera_msgs__rosidl_generator_c.so" to ""
-- Up-to-date: /home/addinedu/ros_ws/camera_app/install/camera_msgs/include/camera_msgs/camera_msgs
-- Up-to-date: /home/addinedu/ros_ws/camera_app/install/camera_msgs/include/camera_msgs/camera_msgs/msg
-- Installing: /home/addinedu/ros_ws/camera_app/install/camera_msgs/include/camera_msgs/camera_msgs/msg/rosidl_typesupport_fastrtps_c__visibility_control.h
-- Up-to-date: /home/addinedu/ros_ws/camera_app/install/camera_msgs/include/camera_msgs/camera_msgs/action
-- Up-to-date: /home/addinedu/ros_ws/camera_app/install/camera_msgs/include/camera_msgs/camera_msgs/action/detail
-- Installing: /home/addinedu/ros_ws/camera_app/install/camera_msgs/include/camera_msgs/camera_msgs/action/detail/start_recording__rosidl_typesupport_fastrtps_c.h
-- Installing: /home/addinedu/ros_ws/camera_app/install/camera_msgs/lib/libcamera_msgs__rosidl_typesupport_fastrtps_c.so
-- Set runtime path of "/home/addinedu/ros_ws/camera_app/install/camera_msgs/lib/libcamera_msgs__rosidl_typesupport_fastrtps_c.so" to ""
-- Up-to-date: /home/addinedu/ros_ws/camera_app/install/camera_msgs/include/camera_msgs/camera_msgs
-- Up-to-date: /home/addinedu/ros_ws/camera_app/install/camera_msgs/include/camera_msgs/camera_msgs/msg
-- Installing: /home/addinedu/ros_ws/camera_app/install/camera_msgs/include/camera_msgs/camera_msgs/msg/rosidl_typesupport_introspection_c__visibility_control.h
-- Up-to-date: /home/addinedu/ros_ws/camera_app/install/camera_msgs/include/camera_msgs/camera_msgs/action
-- Up-to-date: /home/addinedu/ros_ws/camera_app/install/camera_msgs/include/camera_msgs/camera_msgs/action/detail
-- Installing: /home/addinedu/ros_ws/camera_app/install/camera_msgs/include/camera_msgs/camera_msgs/action/detail/start_recording__rosidl_typesupport_introspection_c.h
-- Installing: /home/addinedu/ros_ws/camera_app/install/camera_msgs/include/camera_msgs/camera_msgs/action/detail/start_recording__type_support.c
-- Installing: /home/addinedu/ros_ws/camera_app/install/camera_msgs/lib/libcamera_msgs__rosidl_typesupport_introspection_c.so
-- Set runtime path of "/home/addinedu/ros_ws/camera_app/install/camera_msgs/lib/libcamera_msgs__rosidl_typesupport_introspection_c.so" to ""
-- Installing: /home/addinedu/ros_ws/camera_app/install/camera_msgs/lib/libcamera_msgs__rosidl_typesupport_c.so
-- Set runtime path of "/home/addinedu/ros_ws/camera_app/install/camera_msgs/lib/libcamera_msgs__rosidl_typesupport_c.so" to ""
-- Up-to-date: /home/addinedu/ros_ws/camera_app/install/camera_msgs/include/camera_msgs/camera_msgs
-- Up-to-date: /home/addinedu/ros_ws/camera_app/install/camera_msgs/include/camera_msgs/camera_msgs/action
-- Up-to-date: /home/addinedu/ros_ws/camera_app/install/camera_msgs/include/camera_msgs/camera_msgs/action/detail
-- Installing: /home/addinedu/ros_ws/camera_app/install/camera_msgs/include/camera_msgs/camera_msgs/action/detail/start_recording__struct.hpp
-- Installing: /home/addinedu/ros_ws/camera_app/install/camera_msgs/include/camera_msgs/camera_msgs/action/detail/start_recording__builder.hpp
-- Installing: /home/addinedu/ros_ws/camera_app/install/camera_msgs/include/camera_msgs/camera_msgs/action/detail/start_recording__traits.hpp
-- Installing: /home/addinedu/ros_ws/camera_app/install/camera_msgs/include/camera_msgs/camera_msgs/action/start_recording.hpp
-- Up-to-date: /home/addinedu/ros_ws/camera_app/install/camera_msgs/include/camera_msgs/camera_msgs
-- Up-to-date: /home/addinedu/ros_ws/camera_app/install/camera_msgs/include/camera_msgs/camera_msgs/msg
-- Installing: /home/addinedu/ros_ws/camera_app/install/camera_msgs/include/camera_msgs/camera_msgs/msg/rosidl_typesupport_fastrtps_cpp__visibility_control.h
-- Up-to-date: /home/addinedu/ros_ws/camera_app/install/camera_msgs/include/camera_msgs/camera_msgs/action
-- Up-to-date: /home/addinedu/ros_ws/camera_app/install/camera_msgs/include/camera_msgs/camera_msgs/action/detail
-- Installing: /home/addinedu/ros_ws/camera_app/install/camera_msgs/include/camera_msgs/camera_msgs/action/detail/start_recording__rosidl_typesupport_fastrtps_cpp.hpp
-- Installing: /home/addinedu/ros_ws/camera_app/install/camera_msgs/include/camera_msgs/camera_msgs/action/detail/dds_fastrtps
-- Installing: /home/addinedu/ros_ws/camera_app/install/camera_msgs/lib/libcamera_msgs__rosidl_typesupport_fastrtps_cpp.so
-- Set runtime path of "/home/addinedu/ros_ws/camera_app/install/camera_msgs/lib/libcamera_msgs__rosidl_typesupport_fastrtps_cpp.so" to ""
-- Up-to-date: /home/addinedu/ros_ws/camera_app/install/camera_msgs/include/camera_msgs/camera_msgs
-- Up-to-date: /home/addinedu/ros_ws/camera_app/install/camera_msgs/include/camera_msgs/camera_msgs/action
-- Up-to-date: /home/addinedu/ros_ws/camera_app/install/camera_msgs/include/camera_msgs/camera_msgs/action/detail
-- Installing: /home/addinedu/ros_ws/camera_app/install/camera_msgs/include/camera_msgs/camera_msgs/action/detail/start_recording__rosidl_typesupport_introspection_cpp.hpp
-- Installing: /home/addinedu/ros_ws/camera_app/install/camera_msgs/include/camera_msgs/camera_msgs/action/detail/start_recording__type_support.cpp
-- Installing: /home/addinedu/ros_ws/camera_app/install/camera_msgs/lib/libcamera_msgs__rosidl_typesupport_introspection_cpp.so
-- Set runtime path of "/home/addinedu/ros_ws/camera_app/install/camera_msgs/lib/libcamera_msgs__rosidl_typesupport_introspection_cpp.so" to ""
-- Installing: /home/addinedu/ros_ws/camera_app/install/camera_msgs/lib/libcamera_msgs__rosidl_typesupport_cpp.so
-- Set runtime path of "/home/addinedu/ros_ws/camera_app/install/camera_msgs/lib/libcamera_msgs__rosidl_typesupport_cpp.so" to ""
-- Installing: /home/addinedu/ros_ws/camera_app/install/camera_msgs/share/camera_msgs/environment/pythonpath.sh
-- Installing: /home/addinedu/ros_ws/camera_app/install/camera_msgs/share/camera_msgs/environment/pythonpath.dsv
-- Installing: /home/addinedu/ros_ws/camera_app/install/camera_msgs/local/lib/python3.10/dist-packages/camera_msgs-0.0.0-py3.10.egg-info
-- Installing: /home/addinedu/ros_ws/camera_app/install/camera_msgs/local/lib/python3.10/dist-packages/camera_msgs-0.0.0-py3.10.egg-info/SOURCES.txt
-- Installing: /home/addinedu/ros_ws/camera_app/install/camera_msgs/local/lib/python3.10/dist-packages/camera_msgs-0.0.0-py3.10.egg-info/top_level.txt
-- Installing: /home/addinedu/ros_ws/camera_app/install/camera_msgs/local/lib/python3.10/dist-packages/camera_msgs-0.0.0-py3.10.egg-info/dependency_links.txt
-- Installing: /home/addinedu/ros_ws/camera_app/install/camera_msgs/local/lib/python3.10/dist-packages/camera_msgs-0.0.0-py3.10.egg-info/PKG-INFO
-- Installing: /home/addinedu/ros_ws/camera_app/install/camera_msgs/local/lib/python3.10/dist-packages/camera_msgs
-- Installing: /home/addinedu/ros_ws/camera_app/install/camera_msgs/local/lib/python3.10/dist-packages/camera_msgs/camera_msgs_s__rosidl_typesupport_fastrtps_c.cpython-310-x86_64-linux-gnu.so
-- Installing: /home/addinedu/ros_ws/camera_app/install/camera_msgs/local/lib/python3.10/dist-packages/camera_msgs/_camera_msgs_s.ep.rosidl_typesupport_introspection_c.c
-- Installing: /home/addinedu/ros_ws/camera_app/install/camera_msgs/local/lib/python3.10/dist-packages/camera_msgs/_camera_msgs_s.ep.rosidl_typesupport_c.c
-- Installing: /home/addinedu/ros_ws/camera_app/install/camera_msgs/local/lib/python3.10/dist-packages/camera_msgs/camera_msgs_s__rosidl_typesupport_introspection_c.cpython-310-x86_64-linux-gnu.so
-- Installing: /home/addinedu/ros_ws/camera_app/install/camera_msgs/local/lib/python3.10/dist-packages/camera_msgs/__init__.py
-- Installing: /home/addinedu/ros_ws/camera_app/install/camera_msgs/local/lib/python3.10/dist-packages/camera_msgs/libcamera_msgs__rosidl_generator_py.so
-- Installing: /home/addinedu/ros_ws/camera_app/install/camera_msgs/local/lib/python3.10/dist-packages/camera_msgs/camera_msgs_s__rosidl_typesupport_c.cpython-310-x86_64-linux-gnu.so
-- Installing: /home/addinedu/ros_ws/camera_app/install/camera_msgs/local/lib/python3.10/dist-packages/camera_msgs/_camera_msgs_s.ep.rosidl_typesupport_fastrtps_c.c
-- Installing: /home/addinedu/ros_ws/camera_app/install/camera_msgs/local/lib/python3.10/dist-packages/camera_msgs/action
-- Installing: /home/addinedu/ros_ws/camera_app/install/camera_msgs/local/lib/python3.10/dist-packages/camera_msgs/action/_start_recording_s.c
-- Installing: /home/addinedu/ros_ws/camera_app/install/camera_msgs/local/lib/python3.10/dist-packages/camera_msgs/action/__init__.py
-- Installing: /home/addinedu/ros_ws/camera_app/install/camera_msgs/local/lib/python3.10/dist-packages/camera_msgs/action/_start_recording.py
Listing '/home/addinedu/ros_ws/camera_app/install/camera_msgs/local/lib/python3.10/dist-packages/camera_msgs'...
Compiling '/home/addinedu/ros_ws/camera_app/install/camera_msgs/local/lib/python3.10/dist-packages/camera_msgs/__init__.py'...
Listing '/home/addinedu/ros_ws/camera_app/install/camera_msgs/local/lib/python3.10/dist-packages/camera_msgs/action'...
Compiling '/home/addinedu/ros_ws/camera_app/install/camera_msgs/local/lib/python3.10/dist-packages/camera_msgs/action/__init__.py'...
Compiling '/home/addinedu/ros_ws/camera_app/install/camera_msgs/local/lib/python3.10/dist-packages/camera_msgs/action/_start_recording.py'...
-- Installing: /home/addinedu/ros_ws/camera_app/install/camera_msgs/local/lib/python3.10/dist-packages/camera_msgs/camera_msgs_s__rosidl_typesupport_fastrtps_c.cpython-310-x86_64-linux-gnu.so
-- Set runtime path of "/home/addinedu/ros_ws/camera_app/install/camera_msgs/local/lib/python3.10/dist-packages/camera_msgs/camera_msgs_s__rosidl_typesupport_fastrtps_c.cpython-310-x86_64-linux-gnu.so" to ""
-- Installing: /home/addinedu/ros_ws/camera_app/install/camera_msgs/local/lib/python3.10/dist-packages/camera_msgs/camera_msgs_s__rosidl_typesupport_introspection_c.cpython-310-x86_64-linux-gnu.so
-- Set runtime path of "/home/addinedu/ros_ws/camera_app/install/camera_msgs/local/lib/python3.10/dist-packages/camera_msgs/camera_msgs_s__rosidl_typesupport_introspection_c.cpython-310-x86_64-linux-gnu.so" to ""
-- Installing: /home/addinedu/ros_ws/camera_app/install/camera_msgs/local/lib/python3.10/dist-packages/camera_msgs/camera_msgs_s__rosidl_typesupport_c.cpython-310-x86_64-linux-gnu.so
-- Set runtime path of "/home/addinedu/ros_ws/camera_app/install/camera_msgs/local/lib/python3.10/dist-packages/camera_msgs/camera_msgs_s__rosidl_typesupport_c.cpython-310-x86_64-linux-gnu.so" to ""
-- Installing: /home/addinedu/ros_ws/camera_app/install/camera_msgs/lib/libcamera_msgs__rosidl_generator_py.so
-- Set runtime path of "/home/addinedu/ros_ws/camera_app/install/camera_msgs/lib/libcamera_msgs__rosidl_generator_py.so" to ""
-- Installing: /home/addinedu/ros_ws/camera_app/install/camera_msgs/share/camera_msgs/action/StartRecording.idl
-- Installing: /home/addinedu/ros_ws/camera_app/install/camera_msgs/share/camera_msgs/action/StartRecording.action
-- Installing: /home/addinedu/ros_ws/camera_app/install/camera_msgs/share/ament_index/resource_index/package_run_dependencies/camera_msgs
-- Installing: /home/addinedu/ros_ws/camera_app/install/camera_msgs/share/ament_index/resource_index/parent_prefix_path/camera_msgs
-- Installing: /home/addinedu/ros_ws/camera_app/install/camera_msgs/share/camera_msgs/environment/ament_prefix_path.sh
-- Installing: /home/addinedu/ros_ws/camera_app/install/camera_msgs/share/camera_msgs/environment/ament_prefix_path.dsv
-- Installing: /home/addinedu/ros_ws/camera_app/install/camera_msgs/share/camera_msgs/environment/path.sh
-- Installing: /home/addinedu/ros_ws/camera_app/install/camera_msgs/share/camera_msgs/environment/path.dsv
-- Installing: /home/addinedu/ros_ws/camera_app/install/camera_msgs/share/camera_msgs/local_setup.bash
-- Installing: /home/addinedu/ros_ws/camera_app/install/camera_msgs/share/camera_msgs/local_setup.sh
-- Installing: /home/addinedu/ros_ws/camera_app/install/camera_msgs/share/camera_msgs/local_setup.zsh
-- Installing: /home/addinedu/ros_ws/camera_app/install/camera_msgs/share/camera_msgs/local_setup.dsv
-- Installing: /home/addinedu/ros_ws/camera_app/install/camera_msgs/share/camera_msgs/package.dsv
-- Installing: /home/addinedu/ros_ws/camera_app/install/camera_msgs/share/ament_index/resource_index/packages/camera_msgs
-- Installing: /home/addinedu/ros_ws/camera_app/install/camera_msgs/share/camera_msgs/cmake/export_camera_msgs__rosidl_generator_cExport.cmake
-- Installing: /home/addinedu/ros_ws/camera_app/install/camera_msgs/share/camera_msgs/cmake/export_camera_msgs__rosidl_generator_cExport-noconfig.cmake
-- Installing: /home/addinedu/ros_ws/camera_app/install/camera_msgs/share/camera_msgs/cmake/export_camera_msgs__rosidl_typesupport_fastrtps_cExport.cmake
-- Installing: /home/addinedu/ros_ws/camera_app/install/camera_msgs/share/camera_msgs/cmake/export_camera_msgs__rosidl_typesupport_fastrtps_cExport-noconfig.cmake
-- Installing: /home/addinedu/ros_ws/camera_app/install/camera_msgs/share/camera_msgs/cmake/camera_msgs__rosidl_typesupport_introspection_cExport.cmake
-- Installing: /home/addinedu/ros_ws/camera_app/install/camera_msgs/share/camera_msgs/cmake/camera_msgs__rosidl_typesupport_introspection_cExport-noconfig.cmake
-- Installing: /home/addinedu/ros_ws/camera_app/install/camera_msgs/share/camera_msgs/cmake/camera_msgs__rosidl_typesupport_cExport.cmake
-- Installing: /home/addinedu/ros_ws/camera_app/install/camera_msgs/share/camera_msgs/cmake/camera_msgs__rosidl_typesupport_cExport-noconfig.cmake
-- Installing: /home/addinedu/ros_ws/camera_app/install/camera_msgs/share/camera_msgs/cmake/export_camera_msgs__rosidl_generator_cppExport.cmake
-- Installing: /home/addinedu/ros_ws/camera_app/install/camera_msgs/share/camera_msgs/cmake/export_camera_msgs__rosidl_typesupport_fastrtps_cppExport.cmake
-- Installing: /home/addinedu/ros_ws/camera_app/install/camera_msgs/share/camera_msgs/cmake/export_camera_msgs__rosidl_typesupport_fastrtps_cppExport-noconfig.cmake
-- Installing: /home/addinedu/ros_ws/camera_app/install/camera_msgs/share/camera_msgs/cmake/camera_msgs__rosidl_typesupport_introspection_cppExport.cmake
-- Installing: /home/addinedu/ros_ws/camera_app/install/camera_msgs/share/camera_msgs/cmake/camera_msgs__rosidl_typesupport_introspection_cppExport-noconfig.cmake
-- Installing: /home/addinedu/ros_ws/camera_app/install/camera_msgs/share/camera_msgs/cmake/camera_msgs__rosidl_typesupport_cppExport.cmake
-- Installing: /home/addinedu/ros_ws/camera_app/install/camera_msgs/share/camera_msgs/cmake/camera_msgs__rosidl_typesupport_cppExport-noconfig.cmake
-- Installing: /home/addinedu/ros_ws/camera_app/install/camera_msgs/share/camera_msgs/cmake/export_camera_msgs__rosidl_generator_pyExport.cmake
-- Installing: /home/addinedu/ros_ws/camera_app/install/camera_msgs/share/camera_msgs/cmake/export_camera_msgs__rosidl_generator_pyExport-noconfig.cmake
-- Installing: /home/addinedu/ros_ws/camera_app/install/camera_msgs/share/camera_msgs/cmake/rosidl_cmake-extras.cmake
-- Installing: /home/addinedu/ros_ws/camera_app/install/camera_msgs/share/camera_msgs/cmake/ament_cmake_export_dependencies-extras.cmake
-- Installing: /home/addinedu/ros_ws/camera_app/install/camera_msgs/share/camera_msgs/cmake/ament_cmake_export_include_directories-extras.cmake
-- Installing: /home/addinedu/ros_ws/camera_app/install/camera_msgs/share/camera_msgs/cmake/ament_cmake_export_libraries-extras.cmake
-- Installing: /home/addinedu/ros_ws/camera_app/install/camera_msgs/share/camera_msgs/cmake/ament_cmake_export_targets-extras.cmake
-- Installing: /home/addinedu/ros_ws/camera_app/install/camera_msgs/share/camera_msgs/cmake/rosidl_cmake_export_typesupport_targets-extras.cmake
-- Installing: /home/addinedu/ros_ws/camera_app/install/camera_msgs/share/camera_msgs/cmake/rosidl_cmake_export_typesupport_libraries-extras.cmake
-- Installing: /home/addinedu/ros_ws/camera_app/install/camera_msgs/share/camera_msgs/cmake/camera_msgsConfig.cmake
-- Installing: /home/addinedu/ros_ws/camera_app/install/camera_msgs/share/camera_msgs/cmake/camera_msgsConfig-version.cmake
-- Installing: /home/addinedu/ros_ws/camera_app/install/camera_msgs/share/camera_msgs/package.xml
