/home/addinedu/ros_ws/camera_app/install/camera_control/lib/python3.10/site-packages/camera_control/video_recorder_server.py
/home/addinedu/ros_ws/camera_app/install/camera_control/lib/python3.10/site-packages/camera_control/camera_controller.py
/home/addinedu/ros_ws/camera_app/install/camera_control/lib/python3.10/site-packages/camera_control/__init__.py
/home/addinedu/ros_ws/camera_app/install/camera_control/lib/python3.10/site-packages/camera_control/video_recorder_client.py
/home/addinedu/ros_ws/camera_app/install/camera_control/lib/python3.10/site-packages/camera_control/__pycache__/video_recorder_server.cpython-310.pyc
/home/addinedu/ros_ws/camera_app/install/camera_control/lib/python3.10/site-packages/camera_control/__pycache__/camera_controller.cpython-310.pyc
/home/addinedu/ros_ws/camera_app/install/camera_control/lib/python3.10/site-packages/camera_control/__pycache__/__init__.cpython-310.pyc
/home/addinedu/ros_ws/camera_app/install/camera_control/lib/python3.10/site-packages/camera_control/__pycache__/video_recorder_client.cpython-310.pyc
/home/addinedu/ros_ws/camera_app/install/camera_control/share/ament_index/resource_index/packages/camera_control
/home/addinedu/ros_ws/camera_app/install/camera_control/share/camera_control/package.xml
/home/addinedu/ros_ws/camera_app/install/camera_control/lib/python3.10/site-packages/camera_control-0.0.0-py3.10.egg-info/zip-safe
/home/addinedu/ros_ws/camera_app/install/camera_control/lib/python3.10/site-packages/camera_control-0.0.0-py3.10.egg-info/entry_points.txt
/home/addinedu/ros_ws/camera_app/install/camera_control/lib/python3.10/site-packages/camera_control-0.0.0-py3.10.egg-info/SOURCES.txt
/home/addinedu/ros_ws/camera_app/install/camera_control/lib/python3.10/site-packages/camera_control-0.0.0-py3.10.egg-info/requires.txt
/home/addinedu/ros_ws/camera_app/install/camera_control/lib/python3.10/site-packages/camera_control-0.0.0-py3.10.egg-info/top_level.txt
/home/addinedu/ros_ws/camera_app/install/camera_control/lib/python3.10/site-packages/camera_control-0.0.0-py3.10.egg-info/dependency_links.txt
/home/addinedu/ros_ws/camera_app/install/camera_control/lib/python3.10/site-packages/camera_control-0.0.0-py3.10.egg-info/PKG-INFO
/home/addinedu/ros_ws/camera_app/install/camera_control/lib/camera_control/camera_controller
/home/addinedu/ros_ws/camera_app/install/camera_control/lib/camera_control/video_recorder_client
/home/addinedu/ros_ws/camera_app/install/camera_control/lib/camera_control/video_recorder_server
