[0.572s] Invoking command in '/home/addinedu/ros_ws/camera_app/src/camera_control': PYTHONPATH=/home/addinedu/ros_ws/camera_app/build/camera_control/prefix_override:/home/addinedu/ros_ws/camera_app/install/camera_control/lib/python3.10/site-packages:${PYTHONPATH} /usr/bin/python3 -W ignore:setup.py install is deprecated setup.py egg_info --egg-base ../../build/camera_control build --build-base /home/addinedu/ros_ws/camera_app/build/camera_control/build install --record /home/addinedu/ros_ws/camera_app/build/camera_control/install.log --single-version-externally-managed install_data
[0.755s] running egg_info
[0.756s] writing ../../build/camera_control/camera_control.egg-info/PKG-INFO
[0.756s] writing dependency_links to ../../build/camera_control/camera_control.egg-info/dependency_links.txt
[0.756s] writing entry points to ../../build/camera_control/camera_control.egg-info/entry_points.txt
[0.756s] writing requirements to ../../build/camera_control/camera_control.egg-info/requires.txt
[0.756s] writing top-level names to ../../build/camera_control/camera_control.egg-info/top_level.txt
[0.758s] reading manifest file '../../build/camera_control/camera_control.egg-info/SOURCES.txt'
[0.758s] writing manifest file '../../build/camera_control/camera_control.egg-info/SOURCES.txt'
[0.758s] running build
[0.759s] running build_py
[0.759s] running install
[0.759s] running install_lib
[0.760s] running install_data
[0.760s] running install_egg_info
[0.761s] removing '/home/addinedu/ros_ws/camera_app/install/camera_control/lib/python3.10/site-packages/camera_control-0.0.0-py3.10.egg-info' (and everything under it)
[0.761s] Copying ../../build/camera_control/camera_control.egg-info to /home/addinedu/ros_ws/camera_app/install/camera_control/lib/python3.10/site-packages/camera_control-0.0.0-py3.10.egg-info
[0.762s] running install_scripts
[0.777s] Installing camera_controller script to /home/addinedu/ros_ws/camera_app/install/camera_control/lib/camera_control
[0.777s] Installing image_capture_server script to /home/addinedu/ros_ws/camera_app/install/camera_control/lib/camera_control
[0.777s] Installing service_client script to /home/addinedu/ros_ws/camera_app/install/camera_control/lib/camera_control
[0.777s] Installing video_recorder_client script to /home/addinedu/ros_ws/camera_app/install/camera_control/lib/camera_control
[0.777s] Installing video_recorder_server script to /home/addinedu/ros_ws/camera_app/install/camera_control/lib/camera_control
[0.777s] writing list of installed files to '/home/addinedu/ros_ws/camera_app/build/camera_control/install.log'
[0.800s] Invoked command in '/home/addinedu/ros_ws/camera_app/src/camera_control' returned '0': PYTHONPATH=/home/addinedu/ros_ws/camera_app/build/camera_control/prefix_override:/home/addinedu/ros_ws/camera_app/install/camera_control/lib/python3.10/site-packages:${PYTHONPATH} /usr/bin/python3 -W ignore:setup.py install is deprecated setup.py egg_info --egg-base ../../build/camera_control build --build-base /home/addinedu/ros_ws/camera_app/build/camera_control/build install --record /home/addinedu/ros_ws/camera_app/build/camera_control/install.log --single-version-externally-managed install_data
