[0.146s] Invoking command in '/home/addinedu/ros_ws/camera_app/build/camera_msgs': /usr/bin/cmake /home/addinedu/ros_ws/camera_app/src/camera_msgs -DCMAKE_INSTALL_PREFIX=/home/addinedu/ros_ws/camera_app/install/camera_msgs
[0.180s] -- The C compiler identification is GNU 11.4.0
[0.214s] -- The CXX compiler identification is GNU 11.4.0
[0.219s] -- Detecting C compiler ABI info
[0.265s] -- Detecting C compiler ABI info - done
[0.269s] -- Check for working C compiler: /usr/bin/cc - skipped
[0.269s] -- Detecting C compile features
[0.269s] -- Detecting C compile features - done
[0.272s] -- Detecting CXX compiler ABI info
[0.323s] -- Detecting CXX compiler ABI info - done
[0.328s] -- Check for working CXX compiler: /usr/bin/c++ - skipped
[0.328s] -- Detecting CXX compile features
[0.328s] -- Detecting CXX compile features - done
[0.336s] [31mCMake Error at CMakeLists.txt:9 (find_package):
[0.336s]   By not providing "Findament_cmake.cmake" in CMAKE_MODULE_PATH this project
[0.336s]   has asked CMake to find a package configuration file provided by
[0.336s]   "ament_cmake", but CMake did not find one.
[0.336s] 
[0.336s]   Could not find a package configuration file provided by "ament_cmake" with
[0.336s]   any of the following names:
[0.336s] 
[0.336s]     ament_cmakeConfig.cmake
[0.336s]     ament_cmake-config.cmake
[0.336s] 
[0.336s]   Add the installation prefix of "ament_cmake" to CMAKE_PREFIX_PATH or set
[0.336s]   "ament_cmake_DIR" to a directory containing one of the above files.  If
[0.336s]   "ament_cmake" provides a separate development package or SDK, be sure it
[0.336s]   has been installed.
[0.337s] 
[0.337s] [0m
[0.337s] -- Configuring incomplete, errors occurred!
[0.337s] See also "/home/addinedu/ros_ws/camera_app/build/camera_msgs/CMakeFiles/CMakeOutput.log".
[0.338s] Invoked command in '/home/addinedu/ros_ws/camera_app/build/camera_msgs' returned '1': /usr/bin/cmake /home/addinedu/ros_ws/camera_app/src/camera_msgs -DCMAKE_INSTALL_PREFIX=/home/addinedu/ros_ws/camera_app/install/camera_msgs
