running egg_info
writing ../../build/camera_control/camera_control.egg-info/PKG-INFO
writing dependency_links to ../../build/camera_control/camera_control.egg-info/dependency_links.txt
writing entry points to ../../build/camera_control/camera_control.egg-info/entry_points.txt
writing requirements to ../../build/camera_control/camera_control.egg-info/requires.txt
writing top-level names to ../../build/camera_control/camera_control.egg-info/top_level.txt
reading manifest file '../../build/camera_control/camera_control.egg-info/SOURCES.txt'
writing manifest file '../../build/camera_control/camera_control.egg-info/SOURCES.txt'
running build
running build_py
running install
running install_lib
running install_data
copying launch/camera.launch.py -> /home/addinedu/ros_ws/camera_app/install/camera_control/share/camera_control/launch
running install_egg_info
removing '/home/addinedu/ros_ws/camera_app/install/camera_control/lib/python3.10/site-packages/camera_control-0.0.0-py3.10.egg-info' (and everything under it)
Copying ../../build/camera_control/camera_control.egg-info to /home/addinedu/ros_ws/camera_app/install/camera_control/lib/python3.10/site-packages/camera_control-0.0.0-py3.10.egg-info
running install_scripts
Installing camera_controller script to /home/addinedu/ros_ws/camera_app/install/camera_control/lib/camera_control
Installing image_capture_server script to /home/addinedu/ros_ws/camera_app/install/camera_control/lib/camera_control
Installing service_client script to /home/addinedu/ros_ws/camera_app/install/camera_control/lib/camera_control
Installing video_recorder_client script to /home/addinedu/ros_ws/camera_app/install/camera_control/lib/camera_control
Installing video_recorder_server script to /home/addinedu/ros_ws/camera_app/install/camera_control/lib/camera_control
writing list of installed files to '/home/addinedu/ros_ws/camera_app/build/camera_control/install.log'
