[0.243s] Invoking command in '/home/addinedu/ros_ws/camera_app/build/camera_msgs': /usr/bin/cmake --build /home/addinedu/ros_ws/camera_app/build/camera_msgs -- -j8 -l8
[0.345s] [  2%] Built target camera_msgs__cpp
[0.355s] [ 12%] Built target camera_msgs__rosidl_generator_c
[0.357s] [ 12%] Built target ament_cmake_python_copy_camera_msgs
[0.379s] [ 23%] Built target camera_msgs__rosidl_typesupport_fastrtps_cpp
[0.380s] [ 33%] Built target camera_msgs__rosidl_typesupport_introspection_cpp
[0.381s] [ 43%] Built target camera_msgs__rosidl_typesupport_cpp
[0.382s] [ 53%] Built target camera_msgs__rosidl_typesupport_introspection_c
[0.383s] [ 64%] Built target camera_msgs__rosidl_typesupport_c
[0.386s] [ 74%] Built target camera_msgs__rosidl_typesupport_fastrtps_c
[0.406s] [ 74%] Built target camera_msgs
[0.428s] [ 76%] Built target camera_msgs__py
[0.454s] [ 84%] Built target camera_msgs__rosidl_generator_py
[0.477s] [ 89%] Built target camera_msgs__rosidl_typesupport_introspection_c__pyext
[0.478s] [ 94%] Built target camera_msgs__rosidl_typesupport_c__pyext
[0.478s] [100%] Built target camera_msgs__rosidl_typesupport_fastrtps_c__pyext
[0.559s] running egg_info
[0.559s] writing camera_msgs.egg-info/PKG-INFO
[0.560s] writing dependency_links to camera_msgs.egg-info/dependency_links.txt
[0.560s] writing top-level names to camera_msgs.egg-info/top_level.txt
[0.562s] reading manifest file 'camera_msgs.egg-info/SOURCES.txt'
[0.562s] writing manifest file 'camera_msgs.egg-info/SOURCES.txt'
[0.586s] [100%] Built target ament_cmake_python_build_camera_msgs_egg
[0.597s] Invoked command in '/home/addinedu/ros_ws/camera_app/build/camera_msgs' returned '0': /usr/bin/cmake --build /home/addinedu/ros_ws/camera_app/build/camera_msgs -- -j8 -l8
[0.661s] Invoking command in '/home/addinedu/ros_ws/camera_app/build/camera_msgs': /usr/bin/cmake --install /home/addinedu/ros_ws/camera_app/build/camera_msgs
[0.673s] -- Install configuration: ""
[0.673s] -- Up-to-date: /home/addinedu/ros_ws/camera_app/install/camera_msgs/share/ament_index/resource_index/rosidl_interfaces/camera_msgs
[0.673s] -- Up-to-date: /home/addinedu/ros_ws/camera_app/install/camera_msgs/include/camera_msgs/camera_msgs
[0.674s] -- Up-to-date: /home/addinedu/ros_ws/camera_app/install/camera_msgs/include/camera_msgs/camera_msgs/msg
[0.674s] -- Up-to-date: /home/addinedu/ros_ws/camera_app/install/camera_msgs/include/camera_msgs/camera_msgs/msg/rosidl_generator_c__visibility_control.h
[0.674s] -- Up-to-date: /home/addinedu/ros_ws/camera_app/install/camera_msgs/include/camera_msgs/camera_msgs/srv
[0.674s] -- Up-to-date: /home/addinedu/ros_ws/camera_app/install/camera_msgs/include/camera_msgs/camera_msgs/srv/detail
[0.674s] -- Up-to-date: /home/addinedu/ros_ws/camera_app/install/camera_msgs/include/camera_msgs/camera_msgs/srv/detail/capture_image__struct.h
[0.674s] -- Up-to-date: /home/addinedu/ros_ws/camera_app/install/camera_msgs/include/camera_msgs/camera_msgs/srv/detail/capture_image__functions.c
[0.674s] -- Up-to-date: /home/addinedu/ros_ws/camera_app/install/camera_msgs/include/camera_msgs/camera_msgs/srv/detail/capture_image__type_support.h
[0.675s] -- Up-to-date: /home/addinedu/ros_ws/camera_app/install/camera_msgs/include/camera_msgs/camera_msgs/srv/detail/capture_image__functions.h
[0.675s] -- Up-to-date: /home/addinedu/ros_ws/camera_app/install/camera_msgs/include/camera_msgs/camera_msgs/srv/capture_image.h
[0.675s] -- Up-to-date: /home/addinedu/ros_ws/camera_app/install/camera_msgs/include/camera_msgs/camera_msgs/action
[0.675s] -- Up-to-date: /home/addinedu/ros_ws/camera_app/install/camera_msgs/include/camera_msgs/camera_msgs/action/detail
[0.675s] -- Up-to-date: /home/addinedu/ros_ws/camera_app/install/camera_msgs/include/camera_msgs/camera_msgs/action/detail/start_recording__functions.h
[0.675s] -- Up-to-date: /home/addinedu/ros_ws/camera_app/install/camera_msgs/include/camera_msgs/camera_msgs/action/detail/start_recording__type_support.h
[0.675s] -- Up-to-date: /home/addinedu/ros_ws/camera_app/install/camera_msgs/include/camera_msgs/camera_msgs/action/detail/start_recording__struct.h
[0.675s] -- Up-to-date: /home/addinedu/ros_ws/camera_app/install/camera_msgs/include/camera_msgs/camera_msgs/action/detail/start_recording__functions.c
[0.675s] -- Up-to-date: /home/addinedu/ros_ws/camera_app/install/camera_msgs/include/camera_msgs/camera_msgs/action/start_recording.h
[0.676s] -- Up-to-date: /home/addinedu/ros_ws/camera_app/install/camera_msgs/share/camera_msgs/environment/library_path.sh
[0.676s] -- Up-to-date: /home/addinedu/ros_ws/camera_app/install/camera_msgs/share/camera_msgs/environment/library_path.dsv
[0.676s] -- Up-to-date: /home/addinedu/ros_ws/camera_app/install/camera_msgs/lib/libcamera_msgs__rosidl_generator_c.so
[0.676s] -- Up-to-date: /home/addinedu/ros_ws/camera_app/install/camera_msgs/include/camera_msgs/camera_msgs
[0.676s] -- Up-to-date: /home/addinedu/ros_ws/camera_app/install/camera_msgs/include/camera_msgs/camera_msgs/msg
[0.676s] -- Up-to-date: /home/addinedu/ros_ws/camera_app/install/camera_msgs/include/camera_msgs/camera_msgs/msg/rosidl_typesupport_fastrtps_c__visibility_control.h
[0.676s] -- Up-to-date: /home/addinedu/ros_ws/camera_app/install/camera_msgs/include/camera_msgs/camera_msgs/srv
[0.676s] -- Up-to-date: /home/addinedu/ros_ws/camera_app/install/camera_msgs/include/camera_msgs/camera_msgs/srv/detail
[0.677s] -- Up-to-date: /home/addinedu/ros_ws/camera_app/install/camera_msgs/include/camera_msgs/camera_msgs/srv/detail/capture_image__rosidl_typesupport_fastrtps_c.h
[0.677s] -- Up-to-date: /home/addinedu/ros_ws/camera_app/install/camera_msgs/include/camera_msgs/camera_msgs/action
[0.677s] -- Up-to-date: /home/addinedu/ros_ws/camera_app/install/camera_msgs/include/camera_msgs/camera_msgs/action/detail
[0.677s] -- Up-to-date: /home/addinedu/ros_ws/camera_app/install/camera_msgs/include/camera_msgs/camera_msgs/action/detail/start_recording__rosidl_typesupport_fastrtps_c.h
[0.677s] -- Up-to-date: /home/addinedu/ros_ws/camera_app/install/camera_msgs/lib/libcamera_msgs__rosidl_typesupport_fastrtps_c.so
[0.677s] -- Up-to-date: /home/addinedu/ros_ws/camera_app/install/camera_msgs/include/camera_msgs/camera_msgs
[0.677s] -- Up-to-date: /home/addinedu/ros_ws/camera_app/install/camera_msgs/include/camera_msgs/camera_msgs/msg
[0.677s] -- Up-to-date: /home/addinedu/ros_ws/camera_app/install/camera_msgs/include/camera_msgs/camera_msgs/msg/rosidl_typesupport_introspection_c__visibility_control.h
[0.678s] -- Up-to-date: /home/addinedu/ros_ws/camera_app/install/camera_msgs/include/camera_msgs/camera_msgs/srv
[0.678s] -- Up-to-date: /home/addinedu/ros_ws/camera_app/install/camera_msgs/include/camera_msgs/camera_msgs/srv/detail
[0.678s] -- Up-to-date: /home/addinedu/ros_ws/camera_app/install/camera_msgs/include/camera_msgs/camera_msgs/srv/detail/capture_image__rosidl_typesupport_introspection_c.h
[0.678s] -- Up-to-date: /home/addinedu/ros_ws/camera_app/install/camera_msgs/include/camera_msgs/camera_msgs/srv/detail/capture_image__type_support.c
[0.678s] -- Up-to-date: /home/addinedu/ros_ws/camera_app/install/camera_msgs/include/camera_msgs/camera_msgs/action
[0.678s] -- Up-to-date: /home/addinedu/ros_ws/camera_app/install/camera_msgs/include/camera_msgs/camera_msgs/action/detail
[0.678s] -- Up-to-date: /home/addinedu/ros_ws/camera_app/install/camera_msgs/include/camera_msgs/camera_msgs/action/detail/start_recording__rosidl_typesupport_introspection_c.h
[0.678s] -- Up-to-date: /home/addinedu/ros_ws/camera_app/install/camera_msgs/include/camera_msgs/camera_msgs/action/detail/start_recording__type_support.c
[0.678s] -- Up-to-date: /home/addinedu/ros_ws/camera_app/install/camera_msgs/lib/libcamera_msgs__rosidl_typesupport_introspection_c.so
[0.679s] -- Up-to-date: /home/addinedu/ros_ws/camera_app/install/camera_msgs/lib/libcamera_msgs__rosidl_typesupport_c.so
[0.679s] -- Up-to-date: /home/addinedu/ros_ws/camera_app/install/camera_msgs/include/camera_msgs/camera_msgs
[0.679s] -- Up-to-date: /home/addinedu/ros_ws/camera_app/install/camera_msgs/include/camera_msgs/camera_msgs/srv
[0.679s] -- Up-to-date: /home/addinedu/ros_ws/camera_app/install/camera_msgs/include/camera_msgs/camera_msgs/srv/detail
[0.679s] -- Up-to-date: /home/addinedu/ros_ws/camera_app/install/camera_msgs/include/camera_msgs/camera_msgs/srv/detail/capture_image__struct.hpp
[0.679s] -- Up-to-date: /home/addinedu/ros_ws/camera_app/install/camera_msgs/include/camera_msgs/camera_msgs/srv/detail/capture_image__traits.hpp
[0.679s] -- Up-to-date: /home/addinedu/ros_ws/camera_app/install/camera_msgs/include/camera_msgs/camera_msgs/srv/detail/capture_image__builder.hpp
[0.679s] -- Up-to-date: /home/addinedu/ros_ws/camera_app/install/camera_msgs/include/camera_msgs/camera_msgs/srv/capture_image.hpp
[0.679s] -- Up-to-date: /home/addinedu/ros_ws/camera_app/install/camera_msgs/include/camera_msgs/camera_msgs/action
[0.679s] -- Up-to-date: /home/addinedu/ros_ws/camera_app/install/camera_msgs/include/camera_msgs/camera_msgs/action/detail
[0.680s] -- Up-to-date: /home/addinedu/ros_ws/camera_app/install/camera_msgs/include/camera_msgs/camera_msgs/action/detail/start_recording__struct.hpp
[0.680s] -- Up-to-date: /home/addinedu/ros_ws/camera_app/install/camera_msgs/include/camera_msgs/camera_msgs/action/detail/start_recording__builder.hpp
[0.680s] -- Up-to-date: /home/addinedu/ros_ws/camera_app/install/camera_msgs/include/camera_msgs/camera_msgs/action/detail/start_recording__traits.hpp
[0.680s] -- Up-to-date: /home/addinedu/ros_ws/camera_app/install/camera_msgs/include/camera_msgs/camera_msgs/action/start_recording.hpp
[0.680s] -- Up-to-date: /home/addinedu/ros_ws/camera_app/install/camera_msgs/include/camera_msgs/camera_msgs
[0.680s] -- Up-to-date: /home/addinedu/ros_ws/camera_app/install/camera_msgs/include/camera_msgs/camera_msgs/msg
[0.680s] -- Up-to-date: /home/addinedu/ros_ws/camera_app/install/camera_msgs/include/camera_msgs/camera_msgs/msg/rosidl_typesupport_fastrtps_cpp__visibility_control.h
[0.680s] -- Up-to-date: /home/addinedu/ros_ws/camera_app/install/camera_msgs/include/camera_msgs/camera_msgs/srv
[0.681s] -- Up-to-date: /home/addinedu/ros_ws/camera_app/install/camera_msgs/include/camera_msgs/camera_msgs/srv/detail
[0.681s] -- Up-to-date: /home/addinedu/ros_ws/camera_app/install/camera_msgs/include/camera_msgs/camera_msgs/srv/detail/capture_image__rosidl_typesupport_fastrtps_cpp.hpp
[0.681s] -- Up-to-date: /home/addinedu/ros_ws/camera_app/install/camera_msgs/include/camera_msgs/camera_msgs/srv/detail/dds_fastrtps
[0.681s] -- Up-to-date: /home/addinedu/ros_ws/camera_app/install/camera_msgs/include/camera_msgs/camera_msgs/action
[0.681s] -- Up-to-date: /home/addinedu/ros_ws/camera_app/install/camera_msgs/include/camera_msgs/camera_msgs/action/detail
[0.681s] -- Up-to-date: /home/addinedu/ros_ws/camera_app/install/camera_msgs/include/camera_msgs/camera_msgs/action/detail/start_recording__rosidl_typesupport_fastrtps_cpp.hpp
[0.681s] -- Up-to-date: /home/addinedu/ros_ws/camera_app/install/camera_msgs/include/camera_msgs/camera_msgs/action/detail/dds_fastrtps
[0.681s] -- Up-to-date: /home/addinedu/ros_ws/camera_app/install/camera_msgs/lib/libcamera_msgs__rosidl_typesupport_fastrtps_cpp.so
[0.681s] -- Up-to-date: /home/addinedu/ros_ws/camera_app/install/camera_msgs/include/camera_msgs/camera_msgs
[0.681s] -- Up-to-date: /home/addinedu/ros_ws/camera_app/install/camera_msgs/include/camera_msgs/camera_msgs/srv
[0.682s] -- Up-to-date: /home/addinedu/ros_ws/camera_app/install/camera_msgs/include/camera_msgs/camera_msgs/srv/detail
[0.682s] -- Up-to-date: /home/addinedu/ros_ws/camera_app/install/camera_msgs/include/camera_msgs/camera_msgs/srv/detail/capture_image__rosidl_typesupport_introspection_cpp.hpp
[0.682s] -- Up-to-date: /home/addinedu/ros_ws/camera_app/install/camera_msgs/include/camera_msgs/camera_msgs/srv/detail/capture_image__type_support.cpp
[0.682s] -- Up-to-date: /home/addinedu/ros_ws/camera_app/install/camera_msgs/include/camera_msgs/camera_msgs/action
[0.682s] -- Up-to-date: /home/addinedu/ros_ws/camera_app/install/camera_msgs/include/camera_msgs/camera_msgs/action/detail
[0.682s] -- Up-to-date: /home/addinedu/ros_ws/camera_app/install/camera_msgs/include/camera_msgs/camera_msgs/action/detail/start_recording__rosidl_typesupport_introspection_cpp.hpp
[0.682s] -- Up-to-date: /home/addinedu/ros_ws/camera_app/install/camera_msgs/include/camera_msgs/camera_msgs/action/detail/start_recording__type_support.cpp
[0.682s] -- Up-to-date: /home/addinedu/ros_ws/camera_app/install/camera_msgs/lib/libcamera_msgs__rosidl_typesupport_introspection_cpp.so
[0.682s] -- Up-to-date: /home/addinedu/ros_ws/camera_app/install/camera_msgs/lib/libcamera_msgs__rosidl_typesupport_cpp.so
[0.682s] -- Up-to-date: /home/addinedu/ros_ws/camera_app/install/camera_msgs/share/camera_msgs/environment/pythonpath.sh
[0.682s] -- Up-to-date: /home/addinedu/ros_ws/camera_app/install/camera_msgs/share/camera_msgs/environment/pythonpath.dsv
[0.683s] -- Up-to-date: /home/addinedu/ros_ws/camera_app/install/camera_msgs/local/lib/python3.10/dist-packages/camera_msgs-0.0.0-py3.10.egg-info
[0.683s] -- Installing: /home/addinedu/ros_ws/camera_app/install/camera_msgs/local/lib/python3.10/dist-packages/camera_msgs-0.0.0-py3.10.egg-info/SOURCES.txt
[0.683s] -- Installing: /home/addinedu/ros_ws/camera_app/install/camera_msgs/local/lib/python3.10/dist-packages/camera_msgs-0.0.0-py3.10.egg-info/top_level.txt
[0.683s] -- Installing: /home/addinedu/ros_ws/camera_app/install/camera_msgs/local/lib/python3.10/dist-packages/camera_msgs-0.0.0-py3.10.egg-info/dependency_links.txt
[0.683s] -- Installing: /home/addinedu/ros_ws/camera_app/install/camera_msgs/local/lib/python3.10/dist-packages/camera_msgs-0.0.0-py3.10.egg-info/PKG-INFO
[0.683s] -- Up-to-date: /home/addinedu/ros_ws/camera_app/install/camera_msgs/local/lib/python3.10/dist-packages/camera_msgs
[0.683s] -- Up-to-date: /home/addinedu/ros_ws/camera_app/install/camera_msgs/local/lib/python3.10/dist-packages/camera_msgs/camera_msgs_s__rosidl_typesupport_fastrtps_c.cpython-310-x86_64-linux-gnu.so
[0.683s] -- Up-to-date: /home/addinedu/ros_ws/camera_app/install/camera_msgs/local/lib/python3.10/dist-packages/camera_msgs/_camera_msgs_s.ep.rosidl_typesupport_introspection_c.c
[0.683s] -- Up-to-date: /home/addinedu/ros_ws/camera_app/install/camera_msgs/local/lib/python3.10/dist-packages/camera_msgs/_camera_msgs_s.ep.rosidl_typesupport_c.c
[0.683s] -- Up-to-date: /home/addinedu/ros_ws/camera_app/install/camera_msgs/local/lib/python3.10/dist-packages/camera_msgs/camera_msgs_s__rosidl_typesupport_introspection_c.cpython-310-x86_64-linux-gnu.so
[0.683s] -- Up-to-date: /home/addinedu/ros_ws/camera_app/install/camera_msgs/local/lib/python3.10/dist-packages/camera_msgs/__init__.py
[0.684s] -- Up-to-date: /home/addinedu/ros_ws/camera_app/install/camera_msgs/local/lib/python3.10/dist-packages/camera_msgs/srv
[0.684s] -- Up-to-date: /home/addinedu/ros_ws/camera_app/install/camera_msgs/local/lib/python3.10/dist-packages/camera_msgs/srv/_capture_image.py
[0.684s] -- Up-to-date: /home/addinedu/ros_ws/camera_app/install/camera_msgs/local/lib/python3.10/dist-packages/camera_msgs/srv/__init__.py
[0.684s] -- Up-to-date: /home/addinedu/ros_ws/camera_app/install/camera_msgs/local/lib/python3.10/dist-packages/camera_msgs/srv/_capture_image_s.c
[0.684s] -- Up-to-date: /home/addinedu/ros_ws/camera_app/install/camera_msgs/local/lib/python3.10/dist-packages/camera_msgs/libcamera_msgs__rosidl_generator_py.so
[0.684s] -- Up-to-date: /home/addinedu/ros_ws/camera_app/install/camera_msgs/local/lib/python3.10/dist-packages/camera_msgs/camera_msgs_s__rosidl_typesupport_c.cpython-310-x86_64-linux-gnu.so
[0.684s] -- Up-to-date: /home/addinedu/ros_ws/camera_app/install/camera_msgs/local/lib/python3.10/dist-packages/camera_msgs/_camera_msgs_s.ep.rosidl_typesupport_fastrtps_c.c
[0.684s] -- Up-to-date: /home/addinedu/ros_ws/camera_app/install/camera_msgs/local/lib/python3.10/dist-packages/camera_msgs/action
[0.684s] -- Up-to-date: /home/addinedu/ros_ws/camera_app/install/camera_msgs/local/lib/python3.10/dist-packages/camera_msgs/action/_start_recording_s.c
[0.684s] -- Up-to-date: /home/addinedu/ros_ws/camera_app/install/camera_msgs/local/lib/python3.10/dist-packages/camera_msgs/action/__init__.py
[0.684s] -- Up-to-date: /home/addinedu/ros_ws/camera_app/install/camera_msgs/local/lib/python3.10/dist-packages/camera_msgs/action/_start_recording.py
[0.710s] Listing '/home/addinedu/ros_ws/camera_app/install/camera_msgs/local/lib/python3.10/dist-packages/camera_msgs'...
[0.710s] Listing '/home/addinedu/ros_ws/camera_app/install/camera_msgs/local/lib/python3.10/dist-packages/camera_msgs/action'...
[0.710s] Listing '/home/addinedu/ros_ws/camera_app/install/camera_msgs/local/lib/python3.10/dist-packages/camera_msgs/srv'...
[0.714s] -- Up-to-date: /home/addinedu/ros_ws/camera_app/install/camera_msgs/local/lib/python3.10/dist-packages/camera_msgs/camera_msgs_s__rosidl_typesupport_fastrtps_c.cpython-310-x86_64-linux-gnu.so
[0.715s] -- Up-to-date: /home/addinedu/ros_ws/camera_app/install/camera_msgs/local/lib/python3.10/dist-packages/camera_msgs/camera_msgs_s__rosidl_typesupport_introspection_c.cpython-310-x86_64-linux-gnu.so
[0.716s] -- Up-to-date: /home/addinedu/ros_ws/camera_app/install/camera_msgs/local/lib/python3.10/dist-packages/camera_msgs/camera_msgs_s__rosidl_typesupport_c.cpython-310-x86_64-linux-gnu.so
[0.717s] -- Up-to-date: /home/addinedu/ros_ws/camera_app/install/camera_msgs/lib/libcamera_msgs__rosidl_generator_py.so
[0.717s] -- Up-to-date: /home/addinedu/ros_ws/camera_app/install/camera_msgs/share/camera_msgs/action/StartRecording.idl
[0.717s] -- Up-to-date: /home/addinedu/ros_ws/camera_app/install/camera_msgs/share/camera_msgs/srv/CaptureImage.idl
[0.717s] -- Up-to-date: /home/addinedu/ros_ws/camera_app/install/camera_msgs/share/camera_msgs/action/StartRecording.action
[0.717s] -- Up-to-date: /home/addinedu/ros_ws/camera_app/install/camera_msgs/share/camera_msgs/srv/CaptureImage.srv
[0.717s] -- Up-to-date: /home/addinedu/ros_ws/camera_app/install/camera_msgs/share/camera_msgs/srv/CaptureImage_Request.msg
[0.717s] -- Up-to-date: /home/addinedu/ros_ws/camera_app/install/camera_msgs/share/camera_msgs/srv/CaptureImage_Response.msg
[0.717s] -- Up-to-date: /home/addinedu/ros_ws/camera_app/install/camera_msgs/share/ament_index/resource_index/package_run_dependencies/camera_msgs
[0.717s] -- Up-to-date: /home/addinedu/ros_ws/camera_app/install/camera_msgs/share/ament_index/resource_index/parent_prefix_path/camera_msgs
[0.718s] -- Up-to-date: /home/addinedu/ros_ws/camera_app/install/camera_msgs/share/camera_msgs/environment/ament_prefix_path.sh
[0.718s] -- Up-to-date: /home/addinedu/ros_ws/camera_app/install/camera_msgs/share/camera_msgs/environment/ament_prefix_path.dsv
[0.718s] -- Up-to-date: /home/addinedu/ros_ws/camera_app/install/camera_msgs/share/camera_msgs/environment/path.sh
[0.718s] -- Up-to-date: /home/addinedu/ros_ws/camera_app/install/camera_msgs/share/camera_msgs/environment/path.dsv
[0.718s] -- Up-to-date: /home/addinedu/ros_ws/camera_app/install/camera_msgs/share/camera_msgs/local_setup.bash
[0.718s] -- Up-to-date: /home/addinedu/ros_ws/camera_app/install/camera_msgs/share/camera_msgs/local_setup.sh
[0.718s] -- Up-to-date: /home/addinedu/ros_ws/camera_app/install/camera_msgs/share/camera_msgs/local_setup.zsh
[0.718s] -- Up-to-date: /home/addinedu/ros_ws/camera_app/install/camera_msgs/share/camera_msgs/local_setup.dsv
[0.718s] -- Installing: /home/addinedu/ros_ws/camera_app/install/camera_msgs/share/camera_msgs/package.dsv
[0.718s] -- Up-to-date: /home/addinedu/ros_ws/camera_app/install/camera_msgs/share/ament_index/resource_index/packages/camera_msgs
[0.718s] -- Up-to-date: /home/addinedu/ros_ws/camera_app/install/camera_msgs/share/camera_msgs/cmake/export_camera_msgs__rosidl_generator_cExport.cmake
[0.718s] -- Up-to-date: /home/addinedu/ros_ws/camera_app/install/camera_msgs/share/camera_msgs/cmake/export_camera_msgs__rosidl_generator_cExport-noconfig.cmake
[0.719s] -- Up-to-date: /home/addinedu/ros_ws/camera_app/install/camera_msgs/share/camera_msgs/cmake/export_camera_msgs__rosidl_typesupport_fastrtps_cExport.cmake
[0.719s] -- Up-to-date: /home/addinedu/ros_ws/camera_app/install/camera_msgs/share/camera_msgs/cmake/export_camera_msgs__rosidl_typesupport_fastrtps_cExport-noconfig.cmake
[0.719s] -- Up-to-date: /home/addinedu/ros_ws/camera_app/install/camera_msgs/share/camera_msgs/cmake/camera_msgs__rosidl_typesupport_introspection_cExport.cmake
[0.719s] -- Up-to-date: /home/addinedu/ros_ws/camera_app/install/camera_msgs/share/camera_msgs/cmake/camera_msgs__rosidl_typesupport_introspection_cExport-noconfig.cmake
[0.719s] -- Up-to-date: /home/addinedu/ros_ws/camera_app/install/camera_msgs/share/camera_msgs/cmake/camera_msgs__rosidl_typesupport_cExport.cmake
[0.719s] -- Up-to-date: /home/addinedu/ros_ws/camera_app/install/camera_msgs/share/camera_msgs/cmake/camera_msgs__rosidl_typesupport_cExport-noconfig.cmake
[0.719s] -- Up-to-date: /home/addinedu/ros_ws/camera_app/install/camera_msgs/share/camera_msgs/cmake/export_camera_msgs__rosidl_generator_cppExport.cmake
[0.719s] -- Up-to-date: /home/addinedu/ros_ws/camera_app/install/camera_msgs/share/camera_msgs/cmake/export_camera_msgs__rosidl_typesupport_fastrtps_cppExport.cmake
[0.719s] -- Up-to-date: /home/addinedu/ros_ws/camera_app/install/camera_msgs/share/camera_msgs/cmake/export_camera_msgs__rosidl_typesupport_fastrtps_cppExport-noconfig.cmake
[0.719s] -- Up-to-date: /home/addinedu/ros_ws/camera_app/install/camera_msgs/share/camera_msgs/cmake/camera_msgs__rosidl_typesupport_introspection_cppExport.cmake
[0.719s] -- Up-to-date: /home/addinedu/ros_ws/camera_app/install/camera_msgs/share/camera_msgs/cmake/camera_msgs__rosidl_typesupport_introspection_cppExport-noconfig.cmake
[0.720s] -- Up-to-date: /home/addinedu/ros_ws/camera_app/install/camera_msgs/share/camera_msgs/cmake/camera_msgs__rosidl_typesupport_cppExport.cmake
[0.720s] -- Up-to-date: /home/addinedu/ros_ws/camera_app/install/camera_msgs/share/camera_msgs/cmake/camera_msgs__rosidl_typesupport_cppExport-noconfig.cmake
[0.720s] -- Up-to-date: /home/addinedu/ros_ws/camera_app/install/camera_msgs/share/camera_msgs/cmake/export_camera_msgs__rosidl_generator_pyExport.cmake
[0.720s] -- Up-to-date: /home/addinedu/ros_ws/camera_app/install/camera_msgs/share/camera_msgs/cmake/export_camera_msgs__rosidl_generator_pyExport-noconfig.cmake
[0.720s] -- Up-to-date: /home/addinedu/ros_ws/camera_app/install/camera_msgs/share/camera_msgs/cmake/rosidl_cmake-extras.cmake
[0.720s] -- Up-to-date: /home/addinedu/ros_ws/camera_app/install/camera_msgs/share/camera_msgs/cmake/ament_cmake_export_dependencies-extras.cmake
[0.720s] -- Up-to-date: /home/addinedu/ros_ws/camera_app/install/camera_msgs/share/camera_msgs/cmake/ament_cmake_export_include_directories-extras.cmake
[0.720s] -- Up-to-date: /home/addinedu/ros_ws/camera_app/install/camera_msgs/share/camera_msgs/cmake/ament_cmake_export_libraries-extras.cmake
[0.720s] -- Up-to-date: /home/addinedu/ros_ws/camera_app/install/camera_msgs/share/camera_msgs/cmake/ament_cmake_export_targets-extras.cmake
[0.720s] -- Up-to-date: /home/addinedu/ros_ws/camera_app/install/camera_msgs/share/camera_msgs/cmake/rosidl_cmake_export_typesupport_targets-extras.cmake
[0.720s] -- Up-to-date: /home/addinedu/ros_ws/camera_app/install/camera_msgs/share/camera_msgs/cmake/rosidl_cmake_export_typesupport_libraries-extras.cmake
[0.721s] -- Up-to-date: /home/addinedu/ros_ws/camera_app/install/camera_msgs/share/camera_msgs/cmake/camera_msgsConfig.cmake
[0.721s] -- Up-to-date: /home/addinedu/ros_ws/camera_app/install/camera_msgs/share/camera_msgs/cmake/camera_msgsConfig-version.cmake
[0.721s] -- Up-to-date: /home/addinedu/ros_ws/camera_app/install/camera_msgs/share/camera_msgs/package.xml
[0.722s] Invoked command in '/home/addinedu/ros_ws/camera_app/build/camera_msgs' returned '0': /usr/bin/cmake --install /home/addinedu/ros_ws/camera_app/build/camera_msgs
