[0.465s] Invoking command in '/home/addinedu/ros_ws/camera_app/src/camera_control': PYTHONPATH=/home/addinedu/ros_ws/camera_app/build/camera_control/prefix_override:/home/addinedu/ros_ws/camera_app/install/camera_control/lib/python3.10/site-packages:${PYTHONPATH} /usr/bin/python3 -W ignore:setup.py install is deprecated setup.py egg_info --egg-base ../../build/camera_control build --build-base /home/addinedu/ros_ws/camera_app/build/camera_control/build install --record /home/addinedu/ros_ws/camera_app/build/camera_control/install.log --single-version-externally-managed install_data
[0.619s] running egg_info
[0.620s] creating ../../build/camera_control/camera_control.egg-info
[0.620s] writing ../../build/camera_control/camera_control.egg-info/PKG-INFO
[0.620s] writing dependency_links to ../../build/camera_control/camera_control.egg-info/dependency_links.txt
[0.620s] writing entry points to ../../build/camera_control/camera_control.egg-info/entry_points.txt
[0.620s] writing requirements to ../../build/camera_control/camera_control.egg-info/requires.txt
[0.620s] writing top-level names to ../../build/camera_control/camera_control.egg-info/top_level.txt
[0.620s] writing manifest file '../../build/camera_control/camera_control.egg-info/SOURCES.txt'
[0.621s] reading manifest file '../../build/camera_control/camera_control.egg-info/SOURCES.txt'
[0.622s] writing manifest file '../../build/camera_control/camera_control.egg-info/SOURCES.txt'
[0.622s] running build
[0.622s] running build_py
[0.622s] creating /home/addinedu/ros_ws/camera_app/build/camera_control/build
[0.622s] creating /home/addinedu/ros_ws/camera_app/build/camera_control/build/lib
[0.622s] creating /home/addinedu/ros_ws/camera_app/build/camera_control/build/lib/camera_control
[0.622s] copying camera_control/video_recorder_server.py -> /home/addinedu/ros_ws/camera_app/build/camera_control/build/lib/camera_control
[0.622s] copying camera_control/camera_controller.py -> /home/addinedu/ros_ws/camera_app/build/camera_control/build/lib/camera_control
[0.622s] copying camera_control/__init__.py -> /home/addinedu/ros_ws/camera_app/build/camera_control/build/lib/camera_control
[0.622s] copying camera_control/video_recorder_client.py -> /home/addinedu/ros_ws/camera_app/build/camera_control/build/lib/camera_control
[0.622s] running install
[0.623s] running install_lib
[0.623s] creating /home/addinedu/ros_ws/camera_app/install/camera_control/lib/python3.10/site-packages/camera_control
[0.623s] copying /home/addinedu/ros_ws/camera_app/build/camera_control/build/lib/camera_control/video_recorder_server.py -> /home/addinedu/ros_ws/camera_app/install/camera_control/lib/python3.10/site-packages/camera_control
[0.623s] copying /home/addinedu/ros_ws/camera_app/build/camera_control/build/lib/camera_control/camera_controller.py -> /home/addinedu/ros_ws/camera_app/install/camera_control/lib/python3.10/site-packages/camera_control
[0.623s] copying /home/addinedu/ros_ws/camera_app/build/camera_control/build/lib/camera_control/__init__.py -> /home/addinedu/ros_ws/camera_app/install/camera_control/lib/python3.10/site-packages/camera_control
[0.623s] copying /home/addinedu/ros_ws/camera_app/build/camera_control/build/lib/camera_control/video_recorder_client.py -> /home/addinedu/ros_ws/camera_app/install/camera_control/lib/python3.10/site-packages/camera_control
[0.624s] byte-compiling /home/addinedu/ros_ws/camera_app/install/camera_control/lib/python3.10/site-packages/camera_control/video_recorder_server.py to video_recorder_server.cpython-310.pyc
[0.624s] byte-compiling /home/addinedu/ros_ws/camera_app/install/camera_control/lib/python3.10/site-packages/camera_control/camera_controller.py to camera_controller.cpython-310.pyc
[0.624s] byte-compiling /home/addinedu/ros_ws/camera_app/install/camera_control/lib/python3.10/site-packages/camera_control/__init__.py to __init__.cpython-310.pyc
[0.624s] byte-compiling /home/addinedu/ros_ws/camera_app/install/camera_control/lib/python3.10/site-packages/camera_control/video_recorder_client.py to video_recorder_client.cpython-310.pyc
[0.625s] running install_data
[0.625s] creating /home/addinedu/ros_ws/camera_app/install/camera_control/share/ament_index
[0.625s] creating /home/addinedu/ros_ws/camera_app/install/camera_control/share/ament_index/resource_index
[0.625s] creating /home/addinedu/ros_ws/camera_app/install/camera_control/share/ament_index/resource_index/packages
[0.625s] copying resource/camera_control -> /home/addinedu/ros_ws/camera_app/install/camera_control/share/ament_index/resource_index/packages
[0.625s] copying package.xml -> /home/addinedu/ros_ws/camera_app/install/camera_control/share/camera_control
[0.625s] running install_egg_info
[0.626s] Copying ../../build/camera_control/camera_control.egg-info to /home/addinedu/ros_ws/camera_app/install/camera_control/lib/python3.10/site-packages/camera_control-0.0.0-py3.10.egg-info
[0.627s] running install_scripts
[0.641s] Installing camera_controller script to /home/addinedu/ros_ws/camera_app/install/camera_control/lib/camera_control
[0.641s] Installing video_recorder_client script to /home/addinedu/ros_ws/camera_app/install/camera_control/lib/camera_control
[0.641s] Installing video_recorder_server script to /home/addinedu/ros_ws/camera_app/install/camera_control/lib/camera_control
[0.641s] writing list of installed files to '/home/addinedu/ros_ws/camera_app/build/camera_control/install.log'
[0.661s] Invoked command in '/home/addinedu/ros_ws/camera_app/src/camera_control' returned '0': PYTHONPATH=/home/addinedu/ros_ws/camera_app/build/camera_control/prefix_override:/home/addinedu/ros_ws/camera_app/install/camera_control/lib/python3.10/site-packages:${PYTHONPATH} /usr/bin/python3 -W ignore:setup.py install is deprecated setup.py egg_info --egg-base ../../build/camera_control build --build-base /home/addinedu/ros_ws/camera_app/build/camera_control/build install --record /home/addinedu/ros_ws/camera_app/build/camera_control/install.log --single-version-externally-managed install_data
