[0.076s] DEBUG:colcon:Command line arguments: ['/usr/bin/colcon', 'build']
[0.076s] DEBUG:colcon:Parsed command line arguments: Namespace(log_base=None, log_level=None, verb_name='build', build_base='build', install_base='install', merge_install=False, symlink_install=False, test_result_base=None, continue_on_error=False, executor='parallel', parallel_workers=8, event_handlers=None, ignore_user_meta=False, metas=['./colcon.meta'], base_paths=['.'], packages_ignore=None, packages_ignore_regex=None, paths=None, packages_up_to=None, packages_up_to_regex=None, packages_above=None, packages_above_and_dependencies=None, packages_above_depth=None, packages_select_by_dep=None, packages_skip_by_dep=None, packages_skip_up_to=None, packages_select_build_failed=False, packages_skip_build_finished=False, packages_select_test_failures=False, packages_skip_test_passed=False, packages_select=None, packages_skip=None, packages_select_regex=None, packages_skip_regex=None, packages_start=None, packages_end=None, allow_overriding=[], cmake_args=None, cmake_target=None, cmake_target_skip_unavailable=False, cmake_clean_cache=False, cmake_clean_first=False, cmake_force_configure=False, ament_cmake_args=None, catkin_cmake_args=None, catkin_skip_building_tests=False, verb_parser=<colcon_defaults.argument_parser.defaults.DefaultArgumentsDecorator object at 0x76743342f1c0>, verb_extension=<colcon_core.verb.build.BuildVerb object at 0x76743342ec80>, main=<bound method BuildVerb.main of <colcon_core.verb.build.BuildVerb object at 0x76743342ec80>>)
[0.202s] Level 1:colcon.colcon_core.package_discovery:discover_packages(colcon_meta) check parameters
[0.202s] Level 1:colcon.colcon_core.package_discovery:discover_packages(recursive) check parameters
[0.202s] Level 1:colcon.colcon_core.package_discovery:discover_packages(ignore) check parameters
[0.202s] Level 1:colcon.colcon_core.package_discovery:discover_packages(path) check parameters
[0.202s] Level 1:colcon.colcon_core.package_discovery:discover_packages(colcon_meta) discover
[0.202s] Level 1:colcon.colcon_core.package_discovery:discover_packages(recursive) discover
[0.202s] INFO:colcon.colcon_core.package_discovery:Crawling recursively for packages in '/home/addinedu/ros_ws/camera_app'
[0.202s] Level 1:colcon.colcon_core.package_identification:_identify(.) by extensions ['ignore', 'ignore_ament_install']
[0.202s] Level 1:colcon.colcon_core.package_identification:_identify(.) by extension 'ignore'
[0.202s] Level 1:colcon.colcon_core.package_identification:_identify(.) by extension 'ignore_ament_install'
[0.202s] Level 1:colcon.colcon_core.package_identification:_identify(.) by extensions ['colcon_pkg']
[0.202s] Level 1:colcon.colcon_core.package_identification:_identify(.) by extension 'colcon_pkg'
[0.202s] Level 1:colcon.colcon_core.package_identification:_identify(.) by extensions ['colcon_meta']
[0.202s] Level 1:colcon.colcon_core.package_identification:_identify(.) by extension 'colcon_meta'
[0.202s] Level 1:colcon.colcon_core.package_identification:_identify(.) by extensions ['ros']
[0.202s] Level 1:colcon.colcon_core.package_identification:_identify(.) by extension 'ros'
[0.210s] Level 1:colcon.colcon_core.package_identification:_identify(.) by extensions ['cmake', 'python']
[0.210s] Level 1:colcon.colcon_core.package_identification:_identify(.) by extension 'cmake'
[0.210s] Level 1:colcon.colcon_core.package_identification:_identify(.) by extension 'python'
[0.210s] Level 1:colcon.colcon_core.package_identification:_identify(.) by extensions ['python_setup_py']
[0.210s] Level 1:colcon.colcon_core.package_identification:_identify(.) by extension 'python_setup_py'
[0.210s] Level 1:colcon.colcon_core.package_identification:_identify(build) by extensions ['ignore', 'ignore_ament_install']
[0.210s] Level 1:colcon.colcon_core.package_identification:_identify(build) by extension 'ignore'
[0.210s] Level 1:colcon.colcon_core.package_identification:_identify(build) ignored
[0.210s] Level 1:colcon.colcon_core.package_identification:_identify(install) by extensions ['ignore', 'ignore_ament_install']
[0.210s] Level 1:colcon.colcon_core.package_identification:_identify(install) by extension 'ignore'
[0.210s] Level 1:colcon.colcon_core.package_identification:_identify(install) ignored
[0.210s] Level 1:colcon.colcon_core.package_identification:_identify(log) by extensions ['ignore', 'ignore_ament_install']
[0.210s] Level 1:colcon.colcon_core.package_identification:_identify(log) by extension 'ignore'
[0.210s] Level 1:colcon.colcon_core.package_identification:_identify(log) ignored
[0.211s] Level 1:colcon.colcon_core.package_identification:_identify(src) by extensions ['ignore', 'ignore_ament_install']
[0.211s] Level 1:colcon.colcon_core.package_identification:_identify(src) by extension 'ignore'
[0.211s] Level 1:colcon.colcon_core.package_identification:_identify(src) by extension 'ignore_ament_install'
[0.211s] Level 1:colcon.colcon_core.package_identification:_identify(src) by extensions ['colcon_pkg']
[0.211s] Level 1:colcon.colcon_core.package_identification:_identify(src) by extension 'colcon_pkg'
[0.211s] Level 1:colcon.colcon_core.package_identification:_identify(src) by extensions ['colcon_meta']
[0.211s] Level 1:colcon.colcon_core.package_identification:_identify(src) by extension 'colcon_meta'
[0.211s] Level 1:colcon.colcon_core.package_identification:_identify(src) by extensions ['ros']
[0.211s] Level 1:colcon.colcon_core.package_identification:_identify(src) by extension 'ros'
[0.211s] Level 1:colcon.colcon_core.package_identification:_identify(src) by extensions ['cmake', 'python']
[0.211s] Level 1:colcon.colcon_core.package_identification:_identify(src) by extension 'cmake'
[0.211s] Level 1:colcon.colcon_core.package_identification:_identify(src) by extension 'python'
[0.211s] Level 1:colcon.colcon_core.package_identification:_identify(src) by extensions ['python_setup_py']
[0.211s] Level 1:colcon.colcon_core.package_identification:_identify(src) by extension 'python_setup_py'
[0.211s] Level 1:colcon.colcon_core.package_identification:_identify(src/camera_control) by extensions ['ignore', 'ignore_ament_install']
[0.211s] Level 1:colcon.colcon_core.package_identification:_identify(src/camera_control) by extension 'ignore'
[0.211s] Level 1:colcon.colcon_core.package_identification:_identify(src/camera_control) by extension 'ignore_ament_install'
[0.211s] Level 1:colcon.colcon_core.package_identification:_identify(src/camera_control) by extensions ['colcon_pkg']
[0.211s] Level 1:colcon.colcon_core.package_identification:_identify(src/camera_control) by extension 'colcon_pkg'
[0.211s] Level 1:colcon.colcon_core.package_identification:_identify(src/camera_control) by extensions ['colcon_meta']
[0.211s] Level 1:colcon.colcon_core.package_identification:_identify(src/camera_control) by extension 'colcon_meta'
[0.211s] Level 1:colcon.colcon_core.package_identification:_identify(src/camera_control) by extensions ['ros']
[0.211s] Level 1:colcon.colcon_core.package_identification:_identify(src/camera_control) by extension 'ros'
[0.213s] DEBUG:colcon.colcon_core.package_identification:Package 'src/camera_control' with type 'ros.ament_python' and name 'camera_control'
[0.213s] Level 1:colcon.colcon_core.package_identification:_identify(src/camera_msgs) by extensions ['ignore', 'ignore_ament_install']
[0.213s] Level 1:colcon.colcon_core.package_identification:_identify(src/camera_msgs) by extension 'ignore'
[0.213s] Level 1:colcon.colcon_core.package_identification:_identify(src/camera_msgs) by extension 'ignore_ament_install'
[0.213s] Level 1:colcon.colcon_core.package_identification:_identify(src/camera_msgs) by extensions ['colcon_pkg']
[0.213s] Level 1:colcon.colcon_core.package_identification:_identify(src/camera_msgs) by extension 'colcon_pkg'
[0.213s] Level 1:colcon.colcon_core.package_identification:_identify(src/camera_msgs) by extensions ['colcon_meta']
[0.213s] Level 1:colcon.colcon_core.package_identification:_identify(src/camera_msgs) by extension 'colcon_meta'
[0.213s] Level 1:colcon.colcon_core.package_identification:_identify(src/camera_msgs) by extensions ['ros']
[0.213s] Level 1:colcon.colcon_core.package_identification:_identify(src/camera_msgs) by extension 'ros'
[0.214s] DEBUG:colcon.colcon_core.package_identification:Package 'src/camera_msgs' with type 'ros.ament_cmake' and name 'camera_msgs'
[0.214s] Level 1:colcon.colcon_core.package_discovery:discover_packages(recursive) using defaults
[0.214s] Level 1:colcon.colcon_core.package_discovery:discover_packages(ignore) discover
[0.214s] Level 1:colcon.colcon_core.package_discovery:discover_packages(ignore) using defaults
[0.214s] Level 1:colcon.colcon_core.package_discovery:discover_packages(path) discover
[0.214s] Level 1:colcon.colcon_core.package_discovery:discover_packages(path) using defaults
[0.239s] Level 1:colcon.colcon_core.package_discovery:discover_packages(prefix_path) check parameters
[0.239s] Level 1:colcon.colcon_core.package_discovery:discover_packages(prefix_path) discover
[0.240s] DEBUG:colcon.colcon_installed_package_information.package_discovery:Found 2 installed packages in /home/addinedu/ros_ws/camera_app/install
[0.241s] DEBUG:colcon.colcon_installed_package_information.package_discovery:Found 291 installed packages in /opt/ros/humble
[0.242s] Level 1:colcon.colcon_core.package_discovery:discover_packages(prefix_path) using defaults
[0.267s] Level 5:colcon.colcon_core.verb:set package 'camera_control' build argument 'cmake_args' from command line to 'None'
[0.267s] Level 5:colcon.colcon_core.verb:set package 'camera_control' build argument 'cmake_target' from command line to 'None'
[0.267s] Level 5:colcon.colcon_core.verb:set package 'camera_control' build argument 'cmake_target_skip_unavailable' from command line to 'False'
[0.267s] Level 5:colcon.colcon_core.verb:set package 'camera_control' build argument 'cmake_clean_cache' from command line to 'False'
[0.267s] Level 5:colcon.colcon_core.verb:set package 'camera_control' build argument 'cmake_clean_first' from command line to 'False'
[0.267s] Level 5:colcon.colcon_core.verb:set package 'camera_control' build argument 'cmake_force_configure' from command line to 'False'
[0.267s] Level 5:colcon.colcon_core.verb:set package 'camera_control' build argument 'ament_cmake_args' from command line to 'None'
[0.267s] Level 5:colcon.colcon_core.verb:set package 'camera_control' build argument 'catkin_cmake_args' from command line to 'None'
[0.267s] Level 5:colcon.colcon_core.verb:set package 'camera_control' build argument 'catkin_skip_building_tests' from command line to 'False'
[0.267s] DEBUG:colcon.colcon_core.verb:Building package 'camera_control' with the following arguments: {'ament_cmake_args': None, 'build_base': '/home/addinedu/ros_ws/camera_app/build/camera_control', 'catkin_cmake_args': None, 'catkin_skip_building_tests': False, 'cmake_args': None, 'cmake_clean_cache': False, 'cmake_clean_first': False, 'cmake_force_configure': False, 'cmake_target': None, 'cmake_target_skip_unavailable': False, 'install_base': '/home/addinedu/ros_ws/camera_app/install/camera_control', 'merge_install': False, 'path': '/home/addinedu/ros_ws/camera_app/src/camera_control', 'symlink_install': False, 'test_result_base': None}
[0.268s] Level 5:colcon.colcon_core.verb:set package 'camera_msgs' build argument 'cmake_args' from command line to 'None'
[0.268s] Level 5:colcon.colcon_core.verb:set package 'camera_msgs' build argument 'cmake_target' from command line to 'None'
[0.268s] Level 5:colcon.colcon_core.verb:set package 'camera_msgs' build argument 'cmake_target_skip_unavailable' from command line to 'False'
[0.268s] Level 5:colcon.colcon_core.verb:set package 'camera_msgs' build argument 'cmake_clean_cache' from command line to 'False'
[0.268s] Level 5:colcon.colcon_core.verb:set package 'camera_msgs' build argument 'cmake_clean_first' from command line to 'False'
[0.268s] Level 5:colcon.colcon_core.verb:set package 'camera_msgs' build argument 'cmake_force_configure' from command line to 'False'
[0.268s] Level 5:colcon.colcon_core.verb:set package 'camera_msgs' build argument 'ament_cmake_args' from command line to 'None'
[0.268s] Level 5:colcon.colcon_core.verb:set package 'camera_msgs' build argument 'catkin_cmake_args' from command line to 'None'
[0.268s] Level 5:colcon.colcon_core.verb:set package 'camera_msgs' build argument 'catkin_skip_building_tests' from command line to 'False'
[0.268s] DEBUG:colcon.colcon_core.verb:Building package 'camera_msgs' with the following arguments: {'ament_cmake_args': None, 'build_base': '/home/addinedu/ros_ws/camera_app/build/camera_msgs', 'catkin_cmake_args': None, 'catkin_skip_building_tests': False, 'cmake_args': None, 'cmake_clean_cache': False, 'cmake_clean_first': False, 'cmake_force_configure': False, 'cmake_target': None, 'cmake_target_skip_unavailable': False, 'install_base': '/home/addinedu/ros_ws/camera_app/install/camera_msgs', 'merge_install': False, 'path': '/home/addinedu/ros_ws/camera_app/src/camera_msgs', 'symlink_install': False, 'test_result_base': None}
[0.268s] INFO:colcon.colcon_core.executor:Executing jobs using 'parallel' executor
[0.269s] DEBUG:colcon.colcon_parallel_executor.executor.parallel:run_until_complete
[0.269s] INFO:colcon.colcon_ros.task.ament_python.build:Building ROS package in '/home/addinedu/ros_ws/camera_app/src/camera_control' with build type 'ament_python'
[0.269s] Level 1:colcon.colcon_core.shell:create_environment_hook('camera_control', 'ament_prefix_path')
[0.271s] INFO:colcon.colcon_core.plugin_system:Skipping extension 'colcon_core.shell.bat': Not used on non-Windows systems
[0.271s] INFO:colcon.colcon_core.shell:Creating environment hook '/home/addinedu/ros_ws/camera_app/install/camera_control/share/camera_control/hook/ament_prefix_path.ps1'
[0.271s] INFO:colcon.colcon_core.shell:Creating environment descriptor '/home/addinedu/ros_ws/camera_app/install/camera_control/share/camera_control/hook/ament_prefix_path.dsv'
[0.272s] INFO:colcon.colcon_core.shell:Creating environment hook '/home/addinedu/ros_ws/camera_app/install/camera_control/share/camera_control/hook/ament_prefix_path.sh'
[0.272s] INFO:colcon.colcon_core.shell:Skip shell extension 'powershell' for command environment: Not usable outside of PowerShell
[0.272s] DEBUG:colcon.colcon_core.shell:Skip shell extension 'dsv' for command environment
[0.274s] INFO:colcon.colcon_ros.task.ament_cmake.build:Building ROS package in '/home/addinedu/ros_ws/camera_app/src/camera_msgs' with build type 'ament_cmake'
[0.274s] INFO:colcon.colcon_cmake.task.cmake.build:Building CMake package in '/home/addinedu/ros_ws/camera_app/src/camera_msgs'
[0.275s] INFO:colcon.colcon_core.shell:Skip shell extension 'powershell' for command environment: Not usable outside of PowerShell
[0.275s] DEBUG:colcon.colcon_core.shell:Skip shell extension 'dsv' for command environment
[0.469s] INFO:colcon.colcon_core.task.python.build:Building Python package in '/home/addinedu/ros_ws/camera_app/src/camera_control'
[0.470s] INFO:colcon.colcon_core.shell:Skip shell extension 'powershell' for command environment: Not usable outside of PowerShell
[0.470s] DEBUG:colcon.colcon_core.shell:Skip shell extension 'dsv' for command environment
[0.476s] DEBUG:colcon.colcon_core.event_handler.log_command:Invoking command in '/home/addinedu/ros_ws/camera_app/build/camera_msgs': CMAKE_PREFIX_PATH=${CMAKE_PREFIX_PATH}:/home/addinedu/ros_ws/camera_app/install/camera_control:/opt/ros/humble /usr/bin/cmake --build /home/addinedu/ros_ws/camera_app/build/camera_msgs -- -j8 -l8
[0.810s] DEBUG:colcon.colcon_core.event_handler.log_command:Invoked command in '/home/addinedu/ros_ws/camera_app/build/camera_msgs' returned '0': CMAKE_PREFIX_PATH=${CMAKE_PREFIX_PATH}:/home/addinedu/ros_ws/camera_app/install/camera_control:/opt/ros/humble /usr/bin/cmake --build /home/addinedu/ros_ws/camera_app/build/camera_msgs -- -j8 -l8
[0.842s] DEBUG:colcon.colcon_core.event_handler.log_command:Invoking command in '/home/addinedu/ros_ws/camera_app/src/camera_control': PYTHONPATH=/home/addinedu/ros_ws/camera_app/build/camera_control/prefix_override:/home/addinedu/ros_ws/camera_app/install/camera_control/lib/python3.10/site-packages:${PYTHONPATH} /usr/bin/python3 -W ignore:setup.py install is deprecated setup.py egg_info --egg-base ../../build/camera_control build --build-base /home/addinedu/ros_ws/camera_app/build/camera_control/build install --record /home/addinedu/ros_ws/camera_app/build/camera_control/install.log --single-version-externally-managed install_data
[0.876s] DEBUG:colcon.colcon_core.event_handler.log_command:Invoking command in '/home/addinedu/ros_ws/camera_app/build/camera_msgs': CMAKE_PREFIX_PATH=${CMAKE_PREFIX_PATH}:/home/addinedu/ros_ws/camera_app/install/camera_control:/opt/ros/humble /usr/bin/cmake --install /home/addinedu/ros_ws/camera_app/build/camera_msgs
[0.919s] Level 1:colcon.colcon_core.environment:create_environment_scripts_only(camera_msgs)
[0.919s] DEBUG:colcon.colcon_core.event_handler.log_command:Invoked command in '/home/addinedu/ros_ws/camera_app/build/camera_msgs' returned '0': CMAKE_PREFIX_PATH=${CMAKE_PREFIX_PATH}:/home/addinedu/ros_ws/camera_app/install/camera_control:/opt/ros/humble /usr/bin/cmake --install /home/addinedu/ros_ws/camera_app/build/camera_msgs
[0.921s] Level 1:colcon.colcon_core.environment:checking '/home/addinedu/ros_ws/camera_app/install/camera_msgs' for CMake module files
[0.921s] Level 1:colcon.colcon_core.environment:checking '/home/addinedu/ros_ws/camera_app/install/camera_msgs' for CMake config files
[0.922s] Level 1:colcon.colcon_core.shell:create_environment_hook('camera_msgs', 'cmake_prefix_path')
[0.922s] INFO:colcon.colcon_core.shell:Creating environment hook '/home/addinedu/ros_ws/camera_app/install/camera_msgs/share/camera_msgs/hook/cmake_prefix_path.ps1'
[0.922s] INFO:colcon.colcon_core.shell:Creating environment descriptor '/home/addinedu/ros_ws/camera_app/install/camera_msgs/share/camera_msgs/hook/cmake_prefix_path.dsv'
[0.922s] INFO:colcon.colcon_core.shell:Creating environment hook '/home/addinedu/ros_ws/camera_app/install/camera_msgs/share/camera_msgs/hook/cmake_prefix_path.sh'
[0.923s] Level 1:colcon.colcon_core.environment:checking '/home/addinedu/ros_ws/camera_app/install/camera_msgs/lib'
[0.923s] Level 1:colcon.colcon_core.shell:create_environment_hook('camera_msgs', 'ld_library_path_lib')
[0.923s] INFO:colcon.colcon_core.shell:Creating environment hook '/home/addinedu/ros_ws/camera_app/install/camera_msgs/share/camera_msgs/hook/ld_library_path_lib.ps1'
[0.923s] INFO:colcon.colcon_core.shell:Creating environment descriptor '/home/addinedu/ros_ws/camera_app/install/camera_msgs/share/camera_msgs/hook/ld_library_path_lib.dsv'
[0.923s] INFO:colcon.colcon_core.shell:Creating environment hook '/home/addinedu/ros_ws/camera_app/install/camera_msgs/share/camera_msgs/hook/ld_library_path_lib.sh'
[0.924s] Level 1:colcon.colcon_core.environment:checking '/home/addinedu/ros_ws/camera_app/install/camera_msgs/bin'
[0.924s] Level 1:colcon.colcon_core.environment:checking '/home/addinedu/ros_ws/camera_app/install/camera_msgs/lib/pkgconfig/camera_msgs.pc'
[0.924s] Level 1:colcon.colcon_core.environment:checking '/home/addinedu/ros_ws/camera_app/install/camera_msgs/lib/python3.10/site-packages'
[0.924s] Level 1:colcon.colcon_core.environment:checking '/home/addinedu/ros_ws/camera_app/install/camera_msgs/bin'
[0.924s] INFO:colcon.colcon_core.shell:Creating package script '/home/addinedu/ros_ws/camera_app/install/camera_msgs/share/camera_msgs/package.ps1'
[0.925s] INFO:colcon.colcon_core.shell:Creating package descriptor '/home/addinedu/ros_ws/camera_app/install/camera_msgs/share/camera_msgs/package.dsv'
[0.925s] INFO:colcon.colcon_core.shell:Creating package script '/home/addinedu/ros_ws/camera_app/install/camera_msgs/share/camera_msgs/package.sh'
[0.926s] INFO:colcon.colcon_core.shell:Creating package script '/home/addinedu/ros_ws/camera_app/install/camera_msgs/share/camera_msgs/package.bash'
[0.926s] INFO:colcon.colcon_core.shell:Creating package script '/home/addinedu/ros_ws/camera_app/install/camera_msgs/share/camera_msgs/package.zsh'
[0.926s] Level 1:colcon.colcon_core.environment:create_file_with_runtime_dependencies(/home/addinedu/ros_ws/camera_app/install/camera_msgs/share/colcon-core/packages/camera_msgs)
[0.979s] Level 1:colcon.colcon_core.environment:create_environment_scripts_only(camera_msgs)
[0.980s] Level 1:colcon.colcon_core.environment:checking '/home/addinedu/ros_ws/camera_app/install/camera_msgs' for CMake module files
[0.980s] Level 1:colcon.colcon_core.environment:checking '/home/addinedu/ros_ws/camera_app/install/camera_msgs' for CMake config files
[0.980s] Level 1:colcon.colcon_core.shell:create_environment_hook('camera_msgs', 'cmake_prefix_path')
[0.980s] INFO:colcon.colcon_core.shell:Creating environment hook '/home/addinedu/ros_ws/camera_app/install/camera_msgs/share/camera_msgs/hook/cmake_prefix_path.ps1'
[0.981s] INFO:colcon.colcon_core.shell:Creating environment descriptor '/home/addinedu/ros_ws/camera_app/install/camera_msgs/share/camera_msgs/hook/cmake_prefix_path.dsv'
[0.981s] INFO:colcon.colcon_core.shell:Creating environment hook '/home/addinedu/ros_ws/camera_app/install/camera_msgs/share/camera_msgs/hook/cmake_prefix_path.sh'
[0.982s] Level 1:colcon.colcon_core.environment:checking '/home/addinedu/ros_ws/camera_app/install/camera_msgs/lib'
[0.982s] Level 1:colcon.colcon_core.shell:create_environment_hook('camera_msgs', 'ld_library_path_lib')
[0.982s] INFO:colcon.colcon_core.shell:Creating environment hook '/home/addinedu/ros_ws/camera_app/install/camera_msgs/share/camera_msgs/hook/ld_library_path_lib.ps1'
[0.982s] INFO:colcon.colcon_core.shell:Creating environment descriptor '/home/addinedu/ros_ws/camera_app/install/camera_msgs/share/camera_msgs/hook/ld_library_path_lib.dsv'
[0.982s] INFO:colcon.colcon_core.shell:Creating environment hook '/home/addinedu/ros_ws/camera_app/install/camera_msgs/share/camera_msgs/hook/ld_library_path_lib.sh'
[0.983s] Level 1:colcon.colcon_core.environment:checking '/home/addinedu/ros_ws/camera_app/install/camera_msgs/bin'
[0.983s] Level 1:colcon.colcon_core.environment:checking '/home/addinedu/ros_ws/camera_app/install/camera_msgs/lib/pkgconfig/camera_msgs.pc'
[0.983s] Level 1:colcon.colcon_core.environment:checking '/home/addinedu/ros_ws/camera_app/install/camera_msgs/lib/python3.10/site-packages'
[0.983s] Level 1:colcon.colcon_core.environment:checking '/home/addinedu/ros_ws/camera_app/install/camera_msgs/bin'
[0.983s] INFO:colcon.colcon_core.shell:Creating package script '/home/addinedu/ros_ws/camera_app/install/camera_msgs/share/camera_msgs/package.ps1'
[0.983s] INFO:colcon.colcon_core.shell:Creating package descriptor '/home/addinedu/ros_ws/camera_app/install/camera_msgs/share/camera_msgs/package.dsv'
[0.984s] INFO:colcon.colcon_core.shell:Creating package script '/home/addinedu/ros_ws/camera_app/install/camera_msgs/share/camera_msgs/package.sh'
[0.984s] INFO:colcon.colcon_core.shell:Creating package script '/home/addinedu/ros_ws/camera_app/install/camera_msgs/share/camera_msgs/package.bash'
[0.984s] INFO:colcon.colcon_core.shell:Creating package script '/home/addinedu/ros_ws/camera_app/install/camera_msgs/share/camera_msgs/package.zsh'
[0.984s] Level 1:colcon.colcon_core.environment:create_file_with_runtime_dependencies(/home/addinedu/ros_ws/camera_app/install/camera_msgs/share/colcon-core/packages/camera_msgs)
[1.069s] Level 1:colcon.colcon_core.environment:checking '/home/addinedu/ros_ws/camera_app/install/camera_control' for CMake module files
[1.069s] DEBUG:colcon.colcon_core.event_handler.log_command:Invoked command in '/home/addinedu/ros_ws/camera_app/src/camera_control' returned '0': PYTHONPATH=/home/addinedu/ros_ws/camera_app/build/camera_control/prefix_override:/home/addinedu/ros_ws/camera_app/install/camera_control/lib/python3.10/site-packages:${PYTHONPATH} /usr/bin/python3 -W ignore:setup.py install is deprecated setup.py egg_info --egg-base ../../build/camera_control build --build-base /home/addinedu/ros_ws/camera_app/build/camera_control/build install --record /home/addinedu/ros_ws/camera_app/build/camera_control/install.log --single-version-externally-managed install_data
[1.070s] Level 1:colcon.colcon_core.environment:checking '/home/addinedu/ros_ws/camera_app/install/camera_control' for CMake config files
[1.070s] Level 1:colcon.colcon_core.environment:checking '/home/addinedu/ros_ws/camera_app/install/camera_control/lib'
[1.070s] Level 1:colcon.colcon_core.environment:checking '/home/addinedu/ros_ws/camera_app/install/camera_control/bin'
[1.071s] Level 1:colcon.colcon_core.environment:checking '/home/addinedu/ros_ws/camera_app/install/camera_control/lib/pkgconfig/camera_control.pc'
[1.071s] Level 1:colcon.colcon_core.environment:checking '/home/addinedu/ros_ws/camera_app/install/camera_control/lib/python3.10/site-packages'
[1.071s] Level 1:colcon.colcon_core.shell:create_environment_hook('camera_control', 'pythonpath')
[1.071s] INFO:colcon.colcon_core.shell:Creating environment hook '/home/addinedu/ros_ws/camera_app/install/camera_control/share/camera_control/hook/pythonpath.ps1'
[1.071s] INFO:colcon.colcon_core.shell:Creating environment descriptor '/home/addinedu/ros_ws/camera_app/install/camera_control/share/camera_control/hook/pythonpath.dsv'
[1.071s] INFO:colcon.colcon_core.shell:Creating environment hook '/home/addinedu/ros_ws/camera_app/install/camera_control/share/camera_control/hook/pythonpath.sh'
[1.072s] Level 1:colcon.colcon_core.environment:checking '/home/addinedu/ros_ws/camera_app/install/camera_control/bin'
[1.072s] Level 1:colcon.colcon_core.environment:create_environment_scripts_only(camera_control)
[1.072s] INFO:colcon.colcon_core.shell:Creating package script '/home/addinedu/ros_ws/camera_app/install/camera_control/share/camera_control/package.ps1'
[1.072s] INFO:colcon.colcon_core.shell:Creating package descriptor '/home/addinedu/ros_ws/camera_app/install/camera_control/share/camera_control/package.dsv'
[1.073s] INFO:colcon.colcon_core.shell:Creating package script '/home/addinedu/ros_ws/camera_app/install/camera_control/share/camera_control/package.sh'
[1.073s] INFO:colcon.colcon_core.shell:Creating package script '/home/addinedu/ros_ws/camera_app/install/camera_control/share/camera_control/package.bash'
[1.073s] INFO:colcon.colcon_core.shell:Creating package script '/home/addinedu/ros_ws/camera_app/install/camera_control/share/camera_control/package.zsh'
[1.073s] Level 1:colcon.colcon_core.environment:create_file_with_runtime_dependencies(/home/addinedu/ros_ws/camera_app/install/camera_control/share/colcon-core/packages/camera_control)
[1.073s] DEBUG:colcon.colcon_parallel_executor.executor.parallel:closing loop
[1.074s] DEBUG:colcon.colcon_parallel_executor.executor.parallel:loop closed
[1.074s] DEBUG:colcon.colcon_parallel_executor.executor.parallel:run_until_complete finished with '0'
[1.074s] DEBUG:colcon.colcon_core.event_reactor:joining thread
[1.077s] INFO:colcon.colcon_core.plugin_system:Skipping extension 'colcon_notification.desktop_notification.terminal_notifier': Not used on non-Darwin systems
[1.077s] INFO:colcon.colcon_core.plugin_system:Skipping extension 'colcon_notification.desktop_notification.win32': Not used on non-Windows systems
[1.077s] INFO:colcon.colcon_notification.desktop_notification:Sending desktop notification using 'notify2'
[1.086s] DEBUG:colcon.colcon_core.event_reactor:joined thread
[1.087s] INFO:colcon.colcon_core.shell:Creating prefix script '/home/addinedu/ros_ws/camera_app/install/local_setup.ps1'
[1.088s] INFO:colcon.colcon_core.shell:Creating prefix util module '/home/addinedu/ros_ws/camera_app/install/_local_setup_util_ps1.py'
[1.089s] INFO:colcon.colcon_core.shell:Creating prefix chain script '/home/addinedu/ros_ws/camera_app/install/setup.ps1'
[1.089s] INFO:colcon.colcon_core.shell:Creating prefix script '/home/addinedu/ros_ws/camera_app/install/local_setup.sh'
[1.090s] INFO:colcon.colcon_core.shell:Creating prefix util module '/home/addinedu/ros_ws/camera_app/install/_local_setup_util_sh.py'
[1.090s] INFO:colcon.colcon_core.shell:Creating prefix chain script '/home/addinedu/ros_ws/camera_app/install/setup.sh'
[1.091s] INFO:colcon.colcon_core.shell:Creating prefix script '/home/addinedu/ros_ws/camera_app/install/local_setup.bash'
[1.091s] INFO:colcon.colcon_core.shell:Creating prefix chain script '/home/addinedu/ros_ws/camera_app/install/setup.bash'
[1.092s] INFO:colcon.colcon_core.shell:Creating prefix script '/home/addinedu/ros_ws/camera_app/install/local_setup.zsh'
[1.092s] INFO:colcon.colcon_core.shell:Creating prefix chain script '/home/addinedu/ros_ws/camera_app/install/setup.zsh'
